TN:
SF:src/utils/parse.ts
FN:20,parse
FN:41,initialize
FN:59,parseScript
FN:63,(anonymous_3)
FN:80,parseByLine
FN:82,(anonymous_5)
FN:98,parseToken
FN:149,parseStep
FN:184,parseSay
FN:194,(anonymous_9)
FN:228,parseListen
FN:249,parseBranch
FN:251,(anonymous_12)
FN:286,parseSilence
FN:309,parseDefault
FN:332,parseExit
FN:343,parseCalculate
FN:347,(anonymous_17)
FN:364,check
FNF:19
FNH:19
FNDA:20,parse
FNDA:20,initialize
FNDA:19,parseScript
FNDA:247,(anonymous_3)
FNDA:212,parseByLine
FNDA:103,(anonymous_5)
FNDA:212,parseToken
FNDA:43,parseStep
FNDA:23,parseSay
FNDA:43,(anonymous_9)
FNDA:16,parseListen
FNDA:81,parseBranch
FNDA:161,(anonymous_12)
FNDA:16,parseSilence
FNDA:23,parseDefault
FNDA:7,parseExit
FNDA:2,parseCalculate
FNDA:6,(anonymous_17)
FNDA:10,check
DA:22,20
DA:23,20
DA:26,20
DA:29,19
DA:32,9
DA:34,2
DA:42,20
DA:49,20
DA:50,1
DA:61,19
DA:63,247
DA:65,235
DA:66,23
DA:69,212
DA:70,202
DA:82,212
DA:85,212
DA:87,212
DA:90,212
DA:103,212
DA:106,212
DA:108,212
DA:110,43
DA:111,40
DA:113,23
DA:114,22
DA:116,16
DA:117,15
DA:119,81
DA:120,79
DA:122,16
DA:123,15
DA:125,23
DA:126,22
DA:128,7
DA:129,7
DA:131,2
DA:132,2
DA:135,1
DA:151,43
DA:153,43
DA:154,1
DA:157,42
DA:158,2
DA:164,40
DA:167,40
DA:170,40
DA:171,15
DA:174,40
DA:186,23
DA:188,23
DA:190,23
DA:192,23
DA:194,43
DA:195,43
DA:196,24
DA:197,24
DA:198,24
DA:203,19
DA:204,2
DA:205,17
DA:207,6
DA:208,6
DA:213,6
DA:214,11
DA:215,1
DA:219,22
DA:229,16
DA:231,16
DA:232,1
DA:235,15
DA:240,15
DA:251,161
DA:254,81
DA:255,1
DA:258,80
DA:260,1
DA:262,79
DA:263,79
DA:264,64
DA:270,15
DA:288,16
DA:290,16
DA:291,1
DA:295,15
DA:300,15
DA:310,23
DA:312,23
DA:313,1
DA:318,22
DA:323,22
DA:334,7
DA:345,2
DA:347,6
DA:349,2
DA:351,2
DA:353,2
DA:367,10
DA:368,1
DA:372,8
DA:373,1
DA:376,7
DA:378,27
DA:381,27
DA:382,1
DA:383,26
DA:384,1
DA:388,25
DA:389,1
DA:392,24
DA:393,1
DA:396,23
DA:397,15
DA:398,79
DA:399,1
LF:115
LH:115
BRDA:49,0,0,1
BRDA:49,0,1,19
BRDA:65,1,0,23
BRDA:65,1,1,212
BRDA:65,2,0,235
BRDA:65,2,1,213
BRDA:82,3,0,212
BRDA:82,3,1,111
BRDA:108,4,0,43
BRDA:108,4,1,23
BRDA:108,4,2,16
BRDA:108,4,3,81
BRDA:108,4,4,16
BRDA:108,4,5,23
BRDA:108,4,6,7
BRDA:108,4,7,2
BRDA:108,4,8,1
BRDA:153,5,0,1
BRDA:153,5,1,42
BRDA:153,6,0,43
BRDA:153,6,1,43
BRDA:157,7,0,2
BRDA:157,7,1,40
BRDA:170,8,0,15
BRDA:170,8,1,25
BRDA:195,9,0,24
BRDA:195,9,1,19
BRDA:203,10,0,2
BRDA:203,10,1,17
BRDA:205,11,0,6
BRDA:205,11,1,11
BRDA:214,12,0,1
BRDA:214,12,1,10
BRDA:231,13,0,1
BRDA:231,13,1,15
BRDA:254,14,0,1
BRDA:254,14,1,80
BRDA:254,15,0,81
BRDA:254,15,1,81
BRDA:258,16,0,1
BRDA:258,16,1,79
BRDA:263,17,0,64
BRDA:263,17,1,15
BRDA:290,18,0,1
BRDA:290,18,1,15
BRDA:312,19,0,1
BRDA:312,19,1,22
BRDA:349,20,0,2
BRDA:349,20,1,2
BRDA:364,21,0,9
BRDA:367,22,0,1
BRDA:367,22,1,8
BRDA:372,23,0,1
BRDA:372,23,1,7
BRDA:381,24,0,1
BRDA:381,24,1,26
BRDA:381,25,0,27
BRDA:381,25,1,5
BRDA:381,25,2,3
BRDA:383,26,0,1
BRDA:383,26,1,25
BRDA:383,27,0,26
BRDA:383,27,1,22
BRDA:388,28,0,1
BRDA:388,28,1,24
BRDA:388,29,0,25
BRDA:388,29,1,15
BRDA:392,30,0,1
BRDA:392,30,1,23
BRDA:392,31,0,24
BRDA:392,31,1,15
BRDA:396,32,0,15
BRDA:396,32,1,8
BRDA:398,33,0,1
BRDA:398,33,1,78
BRF:75
BRH:75
end_of_record
TN:
SF:src/utils/translate.ts
FN:15,(anonymous_0)
FN:23,(anonymous_1)
FN:32,translate
FN:56,(anonymous_3)
FN:75,(anonymous_4)
FN:94,processEntry
FN:107,processSayInfo
FN:114,(anonymous_7)
FN:130,processSilence
FN:146,processCalculate
FN:149,(anonymous_10)
FNF:11
FNH:11
FNDA:1,(anonymous_0)
FNDA:1,(anonymous_1)
FNDA:17,translate
FNDA:17,(anonymous_3)
FNDA:16,(anonymous_4)
FNDA:4,processEntry
FNDA:4,processSayInfo
FNDA:5,(anonymous_7)
FNDA:5,processSilence
FNDA:2,processCalculate
FNDA:2,(anonymous_10)
DA:15,1
DA:23,1
DA:40,17
DA:41,4
DA:43,4
DA:44,13
DA:46,5
DA:47,8
DA:49,2
DA:53,6
DA:56,17
DA:59,6
DA:62,6
DA:64,2
DA:71,12
DA:72,12
DA:74,12
DA:75,11
DA:76,16
DA:77,11
DA:78,5
DA:79,4
DA:81,1
DA:85,11
DA:87,11
DA:96,4
DA:98,3
DA:100,3
DA:109,4
DA:112,4
DA:114,3
DA:116,5
DA:117,2
DA:120,3
DA:121,2
DA:124,1
DA:128,3
DA:132,5
DA:134,5
DA:136,3
DA:137,2
DA:139,1
DA:141,1
DA:147,2
DA:148,2
DA:149,2
DA:151,2
DA:153,2
DA:155,1
DA:158,1
LF:50
LH:50
BRDA:36,0,0,1
BRDA:37,1,0,1
BRDA:40,2,0,4
BRDA:40,2,1,13
BRDA:44,3,0,5
BRDA:44,3,1,8
BRDA:47,4,0,2
BRDA:47,4,1,6
BRDA:59,5,0,3
BRDA:59,5,1,3
BRDA:59,6,0,1
BRDA:59,6,1,2
BRDA:62,7,0,2
BRDA:62,7,1,4
BRDA:74,8,0,11
BRDA:74,8,1,1
BRDA:76,9,0,11
BRDA:76,9,1,5
BRDA:78,10,0,4
BRDA:78,10,1,1
BRDA:85,11,0,7
BRDA:85,11,1,4
BRDA:103,12,0,1
BRDA:103,12,1,2
BRDA:112,13,0,3
BRDA:112,13,1,1
BRDA:116,14,0,2
BRDA:116,14,1,3
BRDA:120,15,0,2
BRDA:120,15,1,1
BRDA:134,16,0,3
BRDA:134,16,1,2
BRDA:137,17,0,1
BRDA:137,17,1,1
BRF:34
BRH:34
end_of_record
