<?xml version="1.0" encoding="UTF-8"?>
<coverage generated="1700457994550" clover="3.2.0">
  <project timestamp="1700457994550" name="All files">
    <metrics statements="165" coveredstatements="165" conditionals="109" coveredconditionals="109" methods="30" coveredmethods="30" elements="304" coveredelements="304" complexity="0" loc="165" ncloc="165" packages="1" files="2" classes="2"/>
    <file name="parse.ts" path="/Users/vinci/大三/大三上/程序设计实践/script-robot/mywork/src/utils/parse.ts">
      <metrics statements="115" coveredstatements="115" conditionals="75" coveredconditionals="75" methods="19" coveredmethods="19"/>
      <line num="22" count="20" type="stmt"/>
      <line num="23" count="20" type="stmt"/>
      <line num="26" count="20" type="stmt"/>
      <line num="29" count="19" type="stmt"/>
      <line num="32" count="9" type="stmt"/>
      <line num="34" count="2" type="stmt"/>
      <line num="42" count="20" type="stmt"/>
      <line num="49" count="20" type="cond" truecount="2" falsecount="0"/>
      <line num="50" count="1" type="stmt"/>
      <line num="61" count="19" type="stmt"/>
      <line num="63" count="247" type="stmt"/>
      <line num="65" count="235" type="cond" truecount="4" falsecount="0"/>
      <line num="66" count="23" type="stmt"/>
      <line num="69" count="212" type="stmt"/>
      <line num="70" count="202" type="stmt"/>
      <line num="82" count="212" type="cond" truecount="2" falsecount="0"/>
      <line num="85" count="212" type="stmt"/>
      <line num="87" count="212" type="stmt"/>
      <line num="90" count="212" type="stmt"/>
      <line num="103" count="212" type="stmt"/>
      <line num="106" count="212" type="stmt"/>
      <line num="108" count="212" type="cond" truecount="9" falsecount="0"/>
      <line num="110" count="43" type="stmt"/>
      <line num="111" count="40" type="stmt"/>
      <line num="113" count="23" type="stmt"/>
      <line num="114" count="22" type="stmt"/>
      <line num="116" count="16" type="stmt"/>
      <line num="117" count="15" type="stmt"/>
      <line num="119" count="81" type="stmt"/>
      <line num="120" count="79" type="stmt"/>
      <line num="122" count="16" type="stmt"/>
      <line num="123" count="15" type="stmt"/>
      <line num="125" count="23" type="stmt"/>
      <line num="126" count="22" type="stmt"/>
      <line num="128" count="7" type="stmt"/>
      <line num="129" count="7" type="stmt"/>
      <line num="131" count="2" type="stmt"/>
      <line num="132" count="2" type="stmt"/>
      <line num="135" count="1" type="stmt"/>
      <line num="151" count="43" type="stmt"/>
      <line num="153" count="43" type="cond" truecount="4" falsecount="0"/>
      <line num="154" count="1" type="stmt"/>
      <line num="157" count="42" type="cond" truecount="2" falsecount="0"/>
      <line num="158" count="2" type="stmt"/>
      <line num="164" count="40" type="stmt"/>
      <line num="166" count="40" type="stmt"/>
      <line num="169" count="40" type="cond" truecount="2" falsecount="0"/>
      <line num="170" count="15" type="stmt"/>
      <line num="173" count="40" type="stmt"/>
      <line num="185" count="23" type="stmt"/>
      <line num="187" count="23" type="stmt"/>
      <line num="189" count="23" type="stmt"/>
      <line num="191" count="23" type="stmt"/>
      <line num="193" count="43" type="stmt"/>
      <line num="194" count="43" type="cond" truecount="2" falsecount="0"/>
      <line num="195" count="24" type="stmt"/>
      <line num="196" count="24" type="stmt"/>
      <line num="197" count="24" type="stmt"/>
      <line num="202" count="19" type="cond" truecount="2" falsecount="0"/>
      <line num="203" count="2" type="stmt"/>
      <line num="204" count="17" type="cond" truecount="2" falsecount="0"/>
      <line num="206" count="6" type="stmt"/>
      <line num="207" count="6" type="stmt"/>
      <line num="212" count="6" type="stmt"/>
      <line num="213" count="11" type="cond" truecount="2" falsecount="0"/>
      <line num="214" count="1" type="stmt"/>
      <line num="218" count="22" type="stmt"/>
      <line num="228" count="16" type="stmt"/>
      <line num="230" count="16" type="cond" truecount="2" falsecount="0"/>
      <line num="231" count="1" type="stmt"/>
      <line num="234" count="15" type="stmt"/>
      <line num="239" count="15" type="stmt"/>
      <line num="249" count="161" type="stmt"/>
      <line num="250" count="81" type="cond" truecount="4" falsecount="0"/>
      <line num="251" count="1" type="stmt"/>
      <line num="253" count="80" type="cond" truecount="2" falsecount="0"/>
      <line num="255" count="1" type="stmt"/>
      <line num="257" count="79" type="stmt"/>
      <line num="258" count="79" type="cond" truecount="2" falsecount="0"/>
      <line num="259" count="64" type="stmt"/>
      <line num="265" count="15" type="stmt"/>
      <line num="283" count="16" type="stmt"/>
      <line num="285" count="16" type="cond" truecount="2" falsecount="0"/>
      <line num="286" count="1" type="stmt"/>
      <line num="290" count="15" type="stmt"/>
      <line num="295" count="15" type="stmt"/>
      <line num="305" count="23" type="stmt"/>
      <line num="307" count="23" type="cond" truecount="2" falsecount="0"/>
      <line num="308" count="1" type="stmt"/>
      <line num="313" count="22" type="stmt"/>
      <line num="318" count="22" type="stmt"/>
      <line num="329" count="7" type="stmt"/>
      <line num="340" count="2" type="stmt"/>
      <line num="342" count="6" type="stmt"/>
      <line num="344" count="2" type="cond" truecount="2" falsecount="0"/>
      <line num="346" count="2" type="stmt"/>
      <line num="348" count="2" type="stmt"/>
      <line num="361" count="10" type="cond" truecount="2" falsecount="0"/>
      <line num="362" count="1" type="stmt"/>
      <line num="366" count="8" type="cond" truecount="2" falsecount="0"/>
      <line num="367" count="1" type="stmt"/>
      <line num="372" count="7" type="stmt"/>
      <line num="375" count="27" type="stmt"/>
      <line num="378" count="27" type="cond" truecount="5" falsecount="0"/>
      <line num="379" count="1" type="stmt"/>
      <line num="380" count="26" type="cond" truecount="4" falsecount="0"/>
      <line num="381" count="1" type="stmt"/>
      <line num="385" count="25" type="cond" truecount="4" falsecount="0"/>
      <line num="386" count="1" type="stmt"/>
      <line num="389" count="24" type="cond" truecount="4" falsecount="0"/>
      <line num="390" count="1" type="stmt"/>
      <line num="393" count="23" type="cond" truecount="2" falsecount="0"/>
      <line num="394" count="15" type="stmt"/>
      <line num="395" count="79" type="cond" truecount="2" falsecount="0"/>
      <line num="396" count="1" type="stmt"/>
    </file>
    <file name="translate.ts" path="/Users/vinci/大三/大三上/程序设计实践/script-robot/mywork/src/utils/translate.ts">
      <metrics statements="50" coveredstatements="50" conditionals="34" coveredconditionals="34" methods="11" coveredmethods="11"/>
      <line num="17" count="1" type="stmt"/>
      <line num="25" count="1" type="stmt"/>
      <line num="42" count="21" type="cond" truecount="2" falsecount="0"/>
      <line num="43" count="4" type="stmt"/>
      <line num="44" count="4" type="stmt"/>
      <line num="45" count="17" type="cond" truecount="2" falsecount="0"/>
      <line num="46" count="5" type="stmt"/>
      <line num="47" count="12" type="cond" truecount="2" falsecount="0"/>
      <line num="48" count="2" type="stmt"/>
      <line num="51" count="10" type="stmt"/>
      <line num="54" count="33" type="stmt"/>
      <line num="57" count="10" type="cond" truecount="4" falsecount="0"/>
      <line num="60" count="10" type="cond" truecount="2" falsecount="0"/>
      <line num="62" count="2" type="stmt"/>
      <line num="68" count="16" type="stmt"/>
      <line num="69" count="16" type="stmt"/>
      <line num="71" count="16" type="cond" truecount="2" falsecount="0"/>
      <line num="72" count="15" type="stmt"/>
      <line num="73" count="20" type="cond" truecount="2" falsecount="0"/>
      <line num="74" count="15" type="stmt"/>
      <line num="75" count="5" type="cond" truecount="2" falsecount="0"/>
      <line num="76" count="4" type="stmt"/>
      <line num="78" count="1" type="stmt"/>
      <line num="82" count="15" type="cond" truecount="2" falsecount="0"/>
      <line num="84" count="15" type="stmt"/>
      <line num="93" count="4" type="stmt"/>
      <line num="95" count="3" type="stmt"/>
      <line num="97" count="3" type="stmt"/>
      <line num="106" count="4" type="stmt"/>
      <line num="109" count="4" type="cond" truecount="2" falsecount="0"/>
      <line num="111" count="3" type="stmt"/>
      <line num="113" count="5" type="cond" truecount="2" falsecount="0"/>
      <line num="114" count="2" type="stmt"/>
      <line num="117" count="3" type="cond" truecount="2" falsecount="0"/>
      <line num="118" count="2" type="stmt"/>
      <line num="121" count="1" type="stmt"/>
      <line num="125" count="3" type="stmt"/>
      <line num="129" count="5" type="stmt"/>
      <line num="131" count="5" type="cond" truecount="2" falsecount="0"/>
      <line num="133" count="3" type="stmt"/>
      <line num="134" count="2" type="cond" truecount="2" falsecount="0"/>
      <line num="136" count="1" type="stmt"/>
      <line num="138" count="1" type="stmt"/>
      <line num="144" count="2" type="stmt"/>
      <line num="145" count="2" type="stmt"/>
      <line num="146" count="2" type="stmt"/>
      <line num="148" count="2" type="stmt"/>
      <line num="150" count="2" type="stmt"/>
      <line num="152" count="1" type="stmt"/>
      <line num="155" count="1" type="stmt"/>
    </file>
  </project>
</coverage>
