<?xml version="1.0" encoding="UTF-8"?>
<coverage generated="1700413286812" clover="3.2.0">
  <project timestamp="1700413286812" name="All files">
    <metrics statements="165" coveredstatements="165" conditionals="109" coveredconditionals="109" methods="30" coveredmethods="30" elements="304" coveredelements="304" complexity="0" loc="165" ncloc="165" packages="1" files="2" classes="2"/>
    <file name="parse.ts" path="/Users/vinci/Downloads/script-robot-save/mywork/src/utils/parse.ts">
      <metrics statements="115" coveredstatements="115" conditionals="75" coveredconditionals="75" methods="19" coveredmethods="19"/>
      <line num="24" count="20" type="stmt"/>
      <line num="25" count="20" type="stmt"/>
      <line num="28" count="20" type="stmt"/>
      <line num="31" count="19" type="stmt"/>
      <line num="34" count="9" type="stmt"/>
      <line num="36" count="2" type="stmt"/>
      <line num="44" count="20" type="stmt"/>
      <line num="51" count="20" type="cond" truecount="2" falsecount="0"/>
      <line num="52" count="1" type="stmt"/>
      <line num="63" count="19" type="stmt"/>
      <line num="65" count="247" type="stmt"/>
      <line num="66" count="235" type="cond" truecount="4" falsecount="0"/>
      <line num="67" count="23" type="stmt"/>
      <line num="70" count="212" type="stmt"/>
      <line num="71" count="202" type="stmt"/>
      <line num="83" count="212" type="cond" truecount="2" falsecount="0"/>
      <line num="86" count="212" type="stmt"/>
      <line num="88" count="212" type="stmt"/>
      <line num="91" count="212" type="stmt"/>
      <line num="102" count="212" type="stmt"/>
      <line num="105" count="212" type="stmt"/>
      <line num="107" count="212" type="cond" truecount="9" falsecount="0"/>
      <line num="109" count="43" type="stmt"/>
      <line num="110" count="40" type="stmt"/>
      <line num="112" count="23" type="stmt"/>
      <line num="113" count="22" type="stmt"/>
      <line num="115" count="16" type="stmt"/>
      <line num="116" count="15" type="stmt"/>
      <line num="118" count="81" type="stmt"/>
      <line num="119" count="79" type="stmt"/>
      <line num="121" count="16" type="stmt"/>
      <line num="122" count="15" type="stmt"/>
      <line num="124" count="23" type="stmt"/>
      <line num="125" count="22" type="stmt"/>
      <line num="127" count="7" type="stmt"/>
      <line num="128" count="7" type="stmt"/>
      <line num="130" count="2" type="stmt"/>
      <line num="131" count="2" type="stmt"/>
      <line num="134" count="1" type="stmt"/>
      <line num="150" count="43" type="stmt"/>
      <line num="152" count="43" type="cond" truecount="4" falsecount="0"/>
      <line num="153" count="1" type="stmt"/>
      <line num="156" count="42" type="cond" truecount="2" falsecount="0"/>
      <line num="157" count="2" type="stmt"/>
      <line num="163" count="40" type="stmt"/>
      <line num="165" count="40" type="stmt"/>
      <line num="168" count="40" type="cond" truecount="2" falsecount="0"/>
      <line num="169" count="15" type="stmt"/>
      <line num="172" count="40" type="stmt"/>
      <line num="184" count="23" type="stmt"/>
      <line num="186" count="23" type="stmt"/>
      <line num="188" count="23" type="stmt"/>
      <line num="190" count="23" type="stmt"/>
      <line num="192" count="43" type="stmt"/>
      <line num="193" count="43" type="cond" truecount="2" falsecount="0"/>
      <line num="194" count="24" type="stmt"/>
      <line num="195" count="24" type="stmt"/>
      <line num="196" count="24" type="stmt"/>
      <line num="201" count="19" type="cond" truecount="2" falsecount="0"/>
      <line num="202" count="2" type="stmt"/>
      <line num="203" count="17" type="cond" truecount="2" falsecount="0"/>
      <line num="205" count="6" type="stmt"/>
      <line num="206" count="6" type="stmt"/>
      <line num="211" count="6" type="stmt"/>
      <line num="212" count="11" type="cond" truecount="2" falsecount="0"/>
      <line num="213" count="1" type="stmt"/>
      <line num="217" count="22" type="stmt"/>
      <line num="227" count="16" type="stmt"/>
      <line num="229" count="16" type="cond" truecount="2" falsecount="0"/>
      <line num="230" count="1" type="stmt"/>
      <line num="233" count="15" type="stmt"/>
      <line num="238" count="15" type="stmt"/>
      <line num="248" count="161" type="stmt"/>
      <line num="249" count="81" type="cond" truecount="4" falsecount="0"/>
      <line num="250" count="1" type="stmt"/>
      <line num="252" count="80" type="cond" truecount="2" falsecount="0"/>
      <line num="254" count="1" type="stmt"/>
      <line num="256" count="79" type="stmt"/>
      <line num="257" count="79" type="cond" truecount="2" falsecount="0"/>
      <line num="258" count="64" type="stmt"/>
      <line num="264" count="15" type="stmt"/>
      <line num="282" count="16" type="stmt"/>
      <line num="284" count="16" type="cond" truecount="2" falsecount="0"/>
      <line num="285" count="1" type="stmt"/>
      <line num="289" count="15" type="stmt"/>
      <line num="294" count="15" type="stmt"/>
      <line num="304" count="23" type="stmt"/>
      <line num="306" count="23" type="cond" truecount="2" falsecount="0"/>
      <line num="307" count="1" type="stmt"/>
      <line num="312" count="22" type="stmt"/>
      <line num="317" count="22" type="stmt"/>
      <line num="328" count="7" type="stmt"/>
      <line num="339" count="2" type="stmt"/>
      <line num="341" count="6" type="stmt"/>
      <line num="343" count="2" type="cond" truecount="2" falsecount="0"/>
      <line num="345" count="2" type="stmt"/>
      <line num="347" count="2" type="stmt"/>
      <line num="360" count="10" type="cond" truecount="2" falsecount="0"/>
      <line num="361" count="1" type="stmt"/>
      <line num="365" count="8" type="cond" truecount="2" falsecount="0"/>
      <line num="366" count="1" type="stmt"/>
      <line num="371" count="7" type="stmt"/>
      <line num="374" count="27" type="stmt"/>
      <line num="377" count="27" type="cond" truecount="5" falsecount="0"/>
      <line num="378" count="1" type="stmt"/>
      <line num="379" count="26" type="cond" truecount="4" falsecount="0"/>
      <line num="380" count="1" type="stmt"/>
      <line num="384" count="25" type="cond" truecount="4" falsecount="0"/>
      <line num="385" count="1" type="stmt"/>
      <line num="388" count="24" type="cond" truecount="4" falsecount="0"/>
      <line num="389" count="1" type="stmt"/>
      <line num="392" count="23" type="cond" truecount="2" falsecount="0"/>
      <line num="393" count="15" type="stmt"/>
      <line num="394" count="79" type="cond" truecount="2" falsecount="0"/>
      <line num="395" count="1" type="stmt"/>
    </file>
    <file name="translate.ts" path="/Users/vinci/Downloads/script-robot-save/mywork/src/utils/translate.ts">
      <metrics statements="50" coveredstatements="50" conditionals="34" coveredconditionals="34" methods="11" coveredmethods="11"/>
      <line num="17" count="1" type="stmt"/>
      <line num="25" count="1" type="stmt"/>
      <line num="42" count="21" type="cond" truecount="2" falsecount="0"/>
      <line num="43" count="4" type="stmt"/>
      <line num="44" count="4" type="stmt"/>
      <line num="45" count="17" type="cond" truecount="2" falsecount="0"/>
      <line num="46" count="5" type="stmt"/>
      <line num="47" count="12" type="cond" truecount="2" falsecount="0"/>
      <line num="48" count="2" type="stmt"/>
      <line num="51" count="10" type="stmt"/>
      <line num="54" count="33" type="stmt"/>
      <line num="57" count="10" type="cond" truecount="4" falsecount="0"/>
      <line num="60" count="10" type="cond" truecount="2" falsecount="0"/>
      <line num="62" count="2" type="stmt"/>
      <line num="68" count="16" type="stmt"/>
      <line num="69" count="16" type="stmt"/>
      <line num="71" count="16" type="cond" truecount="2" falsecount="0"/>
      <line num="72" count="15" type="stmt"/>
      <line num="73" count="20" type="cond" truecount="2" falsecount="0"/>
      <line num="74" count="15" type="stmt"/>
      <line num="75" count="5" type="cond" truecount="2" falsecount="0"/>
      <line num="76" count="4" type="stmt"/>
      <line num="78" count="1" type="stmt"/>
      <line num="82" count="15" type="cond" truecount="2" falsecount="0"/>
      <line num="84" count="15" type="stmt"/>
      <line num="93" count="4" type="stmt"/>
      <line num="95" count="3" type="stmt"/>
      <line num="97" count="3" type="stmt"/>
      <line num="106" count="4" type="stmt"/>
      <line num="109" count="4" type="cond" truecount="2" falsecount="0"/>
      <line num="111" count="3" type="stmt"/>
      <line num="113" count="5" type="cond" truecount="2" falsecount="0"/>
      <line num="114" count="2" type="stmt"/>
      <line num="117" count="3" type="cond" truecount="2" falsecount="0"/>
      <line num="118" count="2" type="stmt"/>
      <line num="121" count="1" type="stmt"/>
      <line num="125" count="3" type="stmt"/>
      <line num="129" count="5" type="stmt"/>
      <line num="131" count="5" type="cond" truecount="2" falsecount="0"/>
      <line num="133" count="3" type="stmt"/>
      <line num="134" count="2" type="cond" truecount="2" falsecount="0"/>
      <line num="136" count="1" type="stmt"/>
      <line num="138" count="1" type="stmt"/>
      <line num="144" count="2" type="stmt"/>
      <line num="145" count="2" type="stmt"/>
      <line num="146" count="2" type="stmt"/>
      <line num="148" count="2" type="stmt"/>
      <line num="150" count="2" type="stmt"/>
      <line num="152" count="1" type="stmt"/>
      <line num="155" count="1" type="stmt"/>
    </file>
  </project>
</coverage>
