{"/Users/vinci/大三/大三上/程序设计实践/script-robot/mywork/src/utils/parse.ts": {"path":"/Users/vinci/大三/大三上/程序设计实践/script-robot/mywork/src/utils/parse.ts","statementMap":{"0":{"start":{"line":22,"column":4},"end":{"line":22,"column":17}},"1":{"start":{"line":23,"column":4},"end":{"line":23,"column":14}},"2":{"start":{"line":26,"column":4},"end":{"line":26,"column":23}},"3":{"start":{"line":29,"column":4},"end":{"line":29,"column":24}},"4":{"start":{"line":32,"column":4},"end":{"line":32,"column":12}},"5":{"start":{"line":34,"column":4},"end":{"line":34,"column":15}},"6":{"start":{"line":42,"column":4},"end":{"line":47,"column":5}},"7":{"start":{"line":49,"column":4},"end":{"line":51,"column":5}},"8":{"start":{"line":50,"column":8},"end":{"line":50,"column":60}},"9":{"start":{"line":61,"column":18},"end":{"line":61,"column":36}},"10":{"start":{"line":63,"column":4},"end":{"line":71,"column":5}},"11":{"start":{"line":63,"column":41},"end":{"line":63,"column":52}},"12":{"start":{"line":65,"column":8},"end":{"line":67,"column":9}},"13":{"start":{"line":66,"column":12},"end":{"line":66,"column":21}},"14":{"start":{"line":69,"column":8},"end":{"line":69,"column":26}},"15":{"start":{"line":70,"column":8},"end":{"line":70,"column":16}},"16":{"start":{"line":82,"column":24},"end":{"line":82,"column":109}},"17":{"start":{"line":82,"column":76},"end":{"line":82,"column":108}},"18":{"start":{"line":85,"column":4},"end":{"line":85,"column":56}},"19":{"start":{"line":87,"column":19},"end":{"line":87,"column":34}},"20":{"start":{"line":90,"column":4},"end":{"line":90,"column":36}},"21":{"start":{"line":103,"column":17},"end":{"line":103,"column":40}},"22":{"start":{"line":106,"column":21},"end":{"line":106,"column":46}},"23":{"start":{"line":108,"column":4},"end":{"line":139,"column":5}},"24":{"start":{"line":110,"column":12},"end":{"line":110,"column":32}},"25":{"start":{"line":111,"column":12},"end":{"line":111,"column":18}},"26":{"start":{"line":113,"column":12},"end":{"line":113,"column":38}},"27":{"start":{"line":114,"column":12},"end":{"line":114,"column":18}},"28":{"start":{"line":116,"column":12},"end":{"line":116,"column":34}},"29":{"start":{"line":117,"column":12},"end":{"line":117,"column":18}},"30":{"start":{"line":119,"column":12},"end":{"line":119,"column":41}},"31":{"start":{"line":120,"column":12},"end":{"line":120,"column":18}},"32":{"start":{"line":122,"column":12},"end":{"line":122,"column":35}},"33":{"start":{"line":123,"column":12},"end":{"line":123,"column":18}},"34":{"start":{"line":125,"column":12},"end":{"line":125,"column":35}},"35":{"start":{"line":126,"column":12},"end":{"line":126,"column":18}},"36":{"start":{"line":128,"column":12},"end":{"line":128,"column":24}},"37":{"start":{"line":129,"column":12},"end":{"line":129,"column":18}},"38":{"start":{"line":131,"column":12},"end":{"line":131,"column":37}},"39":{"start":{"line":132,"column":12},"end":{"line":132,"column":18}},"40":{"start":{"line":135,"column":12},"end":{"line":138,"column":14}},"41":{"start":{"line":151,"column":21},"end":{"line":151,"column":36}},"42":{"start":{"line":153,"column":4},"end":{"line":162,"column":5}},"43":{"start":{"line":154,"column":8},"end":{"line":156,"column":10}},"44":{"start":{"line":157,"column":11},"end":{"line":162,"column":5}},"45":{"start":{"line":158,"column":8},"end":{"line":161,"column":10}},"46":{"start":{"line":164,"column":17},"end":{"line":164,"column":28}},"47":{"start":{"line":167,"column":4},"end":{"line":167,"column":38}},"48":{"start":{"line":170,"column":4},"end":{"line":171,"column":25}},"49":{"start":{"line":171,"column":8},"end":{"line":171,"column":25}},"50":{"start":{"line":174,"column":4},"end":{"line":174,"column":19}},"51":{"start":{"line":186,"column":4},"end":{"line":186,"column":44}},"52":{"start":{"line":188,"column":21},"end":{"line":188,"column":40}},"53":{"start":{"line":190,"column":23},"end":{"line":190,"column":25}},"54":{"start":{"line":192,"column":14},"end":{"line":192,"column":15}},"55":{"start":{"line":194,"column":4},"end":{"line":217,"column":5}},"56":{"start":{"line":194,"column":46},"end":{"line":194,"column":56}},"57":{"start":{"line":195,"column":8},"end":{"line":216,"column":9}},"58":{"start":{"line":196,"column":24},"end":{"line":196,"column":34}},"59":{"start":{"line":197,"column":12},"end":{"line":197,"column":18}},"60":{"start":{"line":198,"column":12},"end":{"line":202,"column":15}},"61":{"start":{"line":203,"column":15},"end":{"line":216,"column":9}},"62":{"start":{"line":204,"column":12},"end":{"line":204,"column":18}},"63":{"start":{"line":205,"column":15},"end":{"line":216,"column":9}},"64":{"start":{"line":207,"column":25},"end":{"line":207,"column":32}},"65":{"start":{"line":208,"column":12},"end":{"line":212,"column":15}},"66":{"start":{"line":213,"column":12},"end":{"line":213,"column":36}},"67":{"start":{"line":214,"column":15},"end":{"line":216,"column":9}},"68":{"start":{"line":215,"column":12},"end":{"line":215,"column":78}},"69":{"start":{"line":219,"column":4},"end":{"line":219,"column":32}},"70":{"start":{"line":229,"column":17},"end":{"line":229,"column":31}},"71":{"start":{"line":231,"column":4},"end":{"line":233,"column":5}},"72":{"start":{"line":232,"column":8},"end":{"line":232,"column":75}},"73":{"start":{"line":235,"column":28},"end":{"line":238,"column":5}},"74":{"start":{"line":240,"column":4},"end":{"line":240,"column":39}},"75":{"start":{"line":251,"column":27},"end":{"line":251,"column":73}},"76":{"start":{"line":251,"column":61},"end":{"line":251,"column":72}},"77":{"start":{"line":254,"column":4},"end":{"line":256,"column":5}},"78":{"start":{"line":255,"column":8},"end":{"line":255,"column":76}},"79":{"start":{"line":258,"column":4},"end":{"line":261,"column":5}},"80":{"start":{"line":260,"column":8},"end":{"line":260,"column":85}},"81":{"start":{"line":262,"column":23},"end":{"line":262,"column":47}},"82":{"start":{"line":263,"column":4},"end":{"line":277,"column":5}},"83":{"start":{"line":264,"column":8},"end":{"line":268,"column":11}},"84":{"start":{"line":270,"column":8},"end":{"line":276,"column":10}},"85":{"start":{"line":288,"column":20},"end":{"line":288,"column":35}},"86":{"start":{"line":290,"column":4},"end":{"line":294,"column":5}},"87":{"start":{"line":291,"column":8},"end":{"line":293,"column":10}},"88":{"start":{"line":295,"column":33},"end":{"line":298,"column":5}},"89":{"start":{"line":300,"column":4},"end":{"line":300,"column":44}},"90":{"start":{"line":310,"column":26},"end":{"line":310,"column":48}},"91":{"start":{"line":312,"column":4},"end":{"line":316,"column":5}},"92":{"start":{"line":313,"column":8},"end":{"line":315,"column":10}},"93":{"start":{"line":318,"column":33},"end":{"line":321,"column":5}},"94":{"start":{"line":323,"column":4},"end":{"line":323,"column":44}},"95":{"start":{"line":334,"column":4},"end":{"line":334,"column":23}},"96":{"start":{"line":345,"column":4},"end":{"line":345,"column":44}},"97":{"start":{"line":347,"column":31},"end":{"line":347,"column":77}},"98":{"start":{"line":347,"column":65},"end":{"line":347,"column":76}},"99":{"start":{"line":349,"column":22},"end":{"line":349,"column":71}},"100":{"start":{"line":351,"column":4},"end":{"line":351,"column":39}},"101":{"start":{"line":353,"column":4},"end":{"line":353,"column":44}},"102":{"start":{"line":367,"column":4},"end":{"line":369,"column":5}},"103":{"start":{"line":368,"column":8},"end":{"line":368,"column":54}},"104":{"start":{"line":372,"column":4},"end":{"line":374,"column":5}},"105":{"start":{"line":373,"column":8},"end":{"line":373,"column":59}},"106":{"start":{"line":376,"column":4},"end":{"line":403,"column":5}},"107":{"start":{"line":378,"column":72},"end":{"line":378,"column":76}},"108":{"start":{"line":381,"column":8},"end":{"line":385,"column":9}},"109":{"start":{"line":382,"column":12},"end":{"line":382,"column":84}},"110":{"start":{"line":383,"column":15},"end":{"line":385,"column":9}},"111":{"start":{"line":384,"column":12},"end":{"line":384,"column":123}},"112":{"start":{"line":388,"column":8},"end":{"line":390,"column":9}},"113":{"start":{"line":389,"column":12},"end":{"line":389,"column":115}},"114":{"start":{"line":392,"column":8},"end":{"line":394,"column":9}},"115":{"start":{"line":393,"column":12},"end":{"line":393,"column":95}},"116":{"start":{"line":396,"column":8},"end":{"line":402,"column":9}},"117":{"start":{"line":397,"column":12},"end":{"line":401,"column":13}},"118":{"start":{"line":398,"column":16},"end":{"line":400,"column":17}},"119":{"start":{"line":399,"column":20},"end":{"line":399,"column":106}}},"fnMap":{"0":{"name":"parse","decl":{"start":{"line":20,"column":16},"end":{"line":20,"column":21}},"loc":{"start":{"line":20,"column":43},"end":{"line":36,"column":1}},"line":20},"1":{"name":"initialize","decl":{"start":{"line":41,"column":9},"end":{"line":41,"column":19}},"loc":{"start":{"line":41,"column":35},"end":{"line":52,"column":1}},"line":41},"2":{"name":"parseScript","decl":{"start":{"line":59,"column":9},"end":{"line":59,"column":20}},"loc":{"start":{"line":59,"column":37},"end":{"line":72,"column":1}},"line":59},"3":{"name":"(anonymous_3)","decl":{"start":{"line":63,"column":33},"end":{"line":63,"column":34}},"loc":{"start":{"line":63,"column":41},"end":{"line":63,"column":52}},"line":63},"4":{"name":"parseByLine","decl":{"start":{"line":80,"column":9},"end":{"line":80,"column":20}},"loc":{"start":{"line":80,"column":35},"end":{"line":91,"column":1}},"line":80},"5":{"name":"(anonymous_5)","decl":{"start":{"line":82,"column":69},"end":{"line":82,"column":70}},"loc":{"start":{"line":82,"column":76},"end":{"line":82,"column":108}},"line":82},"6":{"name":"parseToken","decl":{"start":{"line":98,"column":9},"end":{"line":98,"column":19}},"loc":{"start":{"line":98,"column":55},"end":{"line":142,"column":1}},"line":98},"7":{"name":"parseStep","decl":{"start":{"line":149,"column":9},"end":{"line":149,"column":18}},"loc":{"start":{"line":149,"column":33},"end":{"line":176,"column":1}},"line":149},"8":{"name":"parseSay","decl":{"start":{"line":184,"column":9},"end":{"line":184,"column":17}},"loc":{"start":{"line":184,"column":53},"end":{"line":221,"column":1}},"line":184},"9":{"name":"(anonymous_9)","decl":{"start":{"line":194,"column":39},"end":{"line":194,"column":40}},"loc":{"start":{"line":194,"column":46},"end":{"line":194,"column":56}},"line":194},"10":{"name":"parseListen","decl":{"start":{"line":228,"column":9},"end":{"line":228,"column":20}},"loc":{"start":{"line":228,"column":41},"end":{"line":241,"column":1}},"line":228},"11":{"name":"parseBranch","decl":{"start":{"line":249,"column":9},"end":{"line":249,"column":20}},"loc":{"start":{"line":249,"column":56},"end":{"line":279,"column":1}},"line":249},"12":{"name":"(anonymous_12)","decl":{"start":{"line":251,"column":51},"end":{"line":251,"column":52}},"loc":{"start":{"line":251,"column":61},"end":{"line":251,"column":72}},"line":251},"13":{"name":"parseSilence","decl":{"start":{"line":286,"column":9},"end":{"line":286,"column":21}},"loc":{"start":{"line":286,"column":36},"end":{"line":302,"column":1}},"line":286},"14":{"name":"parseDefault","decl":{"start":{"line":309,"column":9},"end":{"line":309,"column":21}},"loc":{"start":{"line":309,"column":36},"end":{"line":325,"column":1}},"line":309},"15":{"name":"parseExit","decl":{"start":{"line":332,"column":9},"end":{"line":332,"column":18}},"loc":{"start":{"line":332,"column":21},"end":{"line":336,"column":1}},"line":332},"16":{"name":"parseCalculate","decl":{"start":{"line":343,"column":9},"end":{"line":343,"column":23}},"loc":{"start":{"line":343,"column":48},"end":{"line":356,"column":1}},"line":343},"17":{"name":"(anonymous_17)","decl":{"start":{"line":347,"column":55},"end":{"line":347,"column":56}},"loc":{"start":{"line":347,"column":65},"end":{"line":347,"column":76}},"line":347},"18":{"name":"check","decl":{"start":{"line":364,"column":16},"end":{"line":364,"column":21}},"loc":{"start":{"line":364,"column":46},"end":{"line":405,"column":1}},"line":364}},"branchMap":{"0":{"loc":{"start":{"line":49,"column":4},"end":{"line":51,"column":5}},"type":"if","locations":[{"start":{"line":49,"column":4},"end":{"line":51,"column":5}},{"start":{},"end":{}}],"line":49},"1":{"loc":{"start":{"line":65,"column":8},"end":{"line":67,"column":9}},"type":"if","locations":[{"start":{"line":65,"column":8},"end":{"line":67,"column":9}},{"start":{},"end":{}}],"line":65},"2":{"loc":{"start":{"line":65,"column":12},"end":{"line":65,"column":46}},"type":"binary-expr","locations":[{"start":{"line":65,"column":12},"end":{"line":65,"column":22}},{"start":{"line":65,"column":26},"end":{"line":65,"column":46}}],"line":65},"3":{"loc":{"start":{"line":82,"column":25},"end":{"line":82,"column":63}},"type":"binary-expr","locations":[{"start":{"line":82,"column":25},"end":{"line":82,"column":57}},{"start":{"line":82,"column":61},"end":{"line":82,"column":63}}],"line":82},"4":{"loc":{"start":{"line":108,"column":4},"end":{"line":139,"column":5}},"type":"switch","locations":[{"start":{"line":109,"column":8},"end":{"line":111,"column":18}},{"start":{"line":112,"column":8},"end":{"line":114,"column":18}},{"start":{"line":115,"column":8},"end":{"line":117,"column":18}},{"start":{"line":118,"column":8},"end":{"line":120,"column":18}},{"start":{"line":121,"column":8},"end":{"line":123,"column":18}},{"start":{"line":124,"column":8},"end":{"line":126,"column":18}},{"start":{"line":127,"column":8},"end":{"line":129,"column":18}},{"start":{"line":130,"column":8},"end":{"line":132,"column":18}},{"start":{"line":133,"column":8},"end":{"line":138,"column":14}}],"line":108},"5":{"loc":{"start":{"line":153,"column":4},"end":{"line":162,"column":5}},"type":"if","locations":[{"start":{"line":153,"column":4},"end":{"line":162,"column":5}},{"start":{"line":157,"column":11},"end":{"line":162,"column":5}}],"line":153},"6":{"loc":{"start":{"line":153,"column":7},"end":{"line":153,"column":54}},"type":"binary-expr","locations":[{"start":{"line":153,"column":7},"end":{"line":153,"column":27}},{"start":{"line":153,"column":31},"end":{"line":153,"column":54}}],"line":153},"7":{"loc":{"start":{"line":157,"column":11},"end":{"line":162,"column":5}},"type":"if","locations":[{"start":{"line":157,"column":11},"end":{"line":162,"column":5}},{"start":{},"end":{}}],"line":157},"8":{"loc":{"start":{"line":170,"column":4},"end":{"line":171,"column":25}},"type":"if","locations":[{"start":{"line":170,"column":4},"end":{"line":171,"column":25}},{"start":{},"end":{}}],"line":170},"9":{"loc":{"start":{"line":195,"column":8},"end":{"line":216,"column":9}},"type":"if","locations":[{"start":{"line":195,"column":8},"end":{"line":216,"column":9}},{"start":{"line":203,"column":15},"end":{"line":216,"column":9}}],"line":195},"10":{"loc":{"start":{"line":203,"column":15},"end":{"line":216,"column":9}},"type":"if","locations":[{"start":{"line":203,"column":15},"end":{"line":216,"column":9}},{"start":{"line":205,"column":15},"end":{"line":216,"column":9}}],"line":203},"11":{"loc":{"start":{"line":205,"column":15},"end":{"line":216,"column":9}},"type":"if","locations":[{"start":{"line":205,"column":15},"end":{"line":216,"column":9}},{"start":{"line":214,"column":15},"end":{"line":216,"column":9}}],"line":205},"12":{"loc":{"start":{"line":214,"column":15},"end":{"line":216,"column":9}},"type":"if","locations":[{"start":{"line":214,"column":15},"end":{"line":216,"column":9}},{"start":{},"end":{}}],"line":214},"13":{"loc":{"start":{"line":231,"column":4},"end":{"line":233,"column":5}},"type":"if","locations":[{"start":{"line":231,"column":4},"end":{"line":233,"column":5}},{"start":{},"end":{}}],"line":231},"14":{"loc":{"start":{"line":254,"column":4},"end":{"line":256,"column":5}},"type":"if","locations":[{"start":{"line":254,"column":4},"end":{"line":256,"column":5}},{"start":{},"end":{}}],"line":254},"15":{"loc":{"start":{"line":254,"column":8},"end":{"line":254,"column":24}},"type":"binary-expr","locations":[{"start":{"line":254,"column":8},"end":{"line":254,"column":15}},{"start":{"line":254,"column":19},"end":{"line":254,"column":24}}],"line":254},"16":{"loc":{"start":{"line":258,"column":4},"end":{"line":261,"column":5}},"type":"if","locations":[{"start":{"line":258,"column":4},"end":{"line":261,"column":5}},{"start":{},"end":{}}],"line":258},"17":{"loc":{"start":{"line":263,"column":4},"end":{"line":277,"column":5}},"type":"if","locations":[{"start":{"line":263,"column":4},"end":{"line":277,"column":5}},{"start":{"line":269,"column":11},"end":{"line":277,"column":5}}],"line":263},"18":{"loc":{"start":{"line":290,"column":4},"end":{"line":294,"column":5}},"type":"if","locations":[{"start":{"line":290,"column":4},"end":{"line":294,"column":5}},{"start":{},"end":{}}],"line":290},"19":{"loc":{"start":{"line":312,"column":4},"end":{"line":316,"column":5}},"type":"if","locations":[{"start":{"line":312,"column":4},"end":{"line":316,"column":5}},{"start":{},"end":{}}],"line":312},"20":{"loc":{"start":{"line":349,"column":22},"end":{"line":349,"column":71}},"type":"binary-expr","locations":[{"start":{"line":349,"column":22},"end":{"line":349,"column":49}},{"start":{"line":349,"column":54},"end":{"line":349,"column":70}}],"line":349},"21":{"loc":{"start":{"line":364,"column":22},"end":{"line":364,"column":38}},"type":"default-arg","locations":[{"start":{"line":364,"column":35},"end":{"line":364,"column":38}}],"line":364},"22":{"loc":{"start":{"line":367,"column":4},"end":{"line":369,"column":5}},"type":"if","locations":[{"start":{"line":367,"column":4},"end":{"line":369,"column":5}},{"start":{},"end":{}}],"line":367},"23":{"loc":{"start":{"line":372,"column":4},"end":{"line":374,"column":5}},"type":"if","locations":[{"start":{"line":372,"column":4},"end":{"line":374,"column":5}},{"start":{},"end":{}}],"line":372},"24":{"loc":{"start":{"line":381,"column":8},"end":{"line":385,"column":9}},"type":"if","locations":[{"start":{"line":381,"column":8},"end":{"line":385,"column":9}},{"start":{"line":383,"column":15},"end":{"line":385,"column":9}}],"line":381},"25":{"loc":{"start":{"line":381,"column":12},"end":{"line":381,"column":75}},"type":"binary-expr","locations":[{"start":{"line":381,"column":12},"end":{"line":381,"column":24}},{"start":{"line":381,"column":28},"end":{"line":381,"column":56}},{"start":{"line":381,"column":60},"end":{"line":381,"column":75}}],"line":381},"26":{"loc":{"start":{"line":383,"column":15},"end":{"line":385,"column":9}},"type":"if","locations":[{"start":{"line":383,"column":15},"end":{"line":385,"column":9}},{"start":{},"end":{}}],"line":383},"27":{"loc":{"start":{"line":383,"column":19},"end":{"line":383,"column":87}},"type":"binary-expr","locations":[{"start":{"line":383,"column":19},"end":{"line":383,"column":30}},{"start":{"line":383,"column":34},"end":{"line":383,"column":87}}],"line":383},"28":{"loc":{"start":{"line":388,"column":8},"end":{"line":390,"column":9}},"type":"if","locations":[{"start":{"line":388,"column":8},"end":{"line":390,"column":9}},{"start":{},"end":{}}],"line":388},"29":{"loc":{"start":{"line":388,"column":12},"end":{"line":388,"column":72}},"type":"binary-expr","locations":[{"start":{"line":388,"column":12},"end":{"line":388,"column":19}},{"start":{"line":388,"column":23},"end":{"line":388,"column":72}}],"line":388},"30":{"loc":{"start":{"line":392,"column":8},"end":{"line":394,"column":9}},"type":"if","locations":[{"start":{"line":392,"column":8},"end":{"line":394,"column":9}},{"start":{},"end":{}}],"line":392},"31":{"loc":{"start":{"line":392,"column":12},"end":{"line":392,"column":39}},"type":"binary-expr","locations":[{"start":{"line":392,"column":12},"end":{"line":392,"column":18}},{"start":{"line":392,"column":22},"end":{"line":392,"column":39}}],"line":392},"32":{"loc":{"start":{"line":396,"column":8},"end":{"line":402,"column":9}},"type":"if","locations":[{"start":{"line":396,"column":8},"end":{"line":402,"column":9}},{"start":{},"end":{}}],"line":396},"33":{"loc":{"start":{"line":398,"column":16},"end":{"line":400,"column":17}},"type":"if","locations":[{"start":{"line":398,"column":16},"end":{"line":400,"column":17}},{"start":{},"end":{}}],"line":398}},"s":{"0":20,"1":20,"2":20,"3":19,"4":9,"5":2,"6":20,"7":20,"8":1,"9":19,"10":19,"11":247,"12":235,"13":23,"14":212,"15":202,"16":212,"17":103,"18":212,"19":212,"20":212,"21":212,"22":212,"23":212,"24":43,"25":40,"26":23,"27":22,"28":16,"29":15,"30":81,"31":79,"32":16,"33":15,"34":23,"35":22,"36":7,"37":7,"38":2,"39":2,"40":1,"41":43,"42":43,"43":1,"44":42,"45":2,"46":40,"47":40,"48":40,"49":15,"50":40,"51":23,"52":23,"53":23,"54":23,"55":23,"56":43,"57":43,"58":24,"59":24,"60":24,"61":19,"62":2,"63":17,"64":6,"65":6,"66":6,"67":11,"68":1,"69":22,"70":16,"71":16,"72":1,"73":15,"74":15,"75":81,"76":161,"77":81,"78":1,"79":80,"80":1,"81":79,"82":79,"83":64,"84":15,"85":16,"86":16,"87":1,"88":15,"89":15,"90":23,"91":23,"92":1,"93":22,"94":22,"95":7,"96":2,"97":2,"98":6,"99":2,"100":2,"101":2,"102":10,"103":1,"104":8,"105":1,"106":7,"107":27,"108":27,"109":1,"110":26,"111":1,"112":25,"113":1,"114":24,"115":1,"116":23,"117":15,"118":79,"119":1},"f":{"0":20,"1":20,"2":19,"3":247,"4":212,"5":103,"6":212,"7":43,"8":23,"9":43,"10":16,"11":81,"12":161,"13":16,"14":23,"15":7,"16":2,"17":6,"18":10},"b":{"0":[1,19],"1":[23,212],"2":[235,213],"3":[212,111],"4":[43,23,16,81,16,23,7,2,1],"5":[1,42],"6":[43,43],"7":[2,40],"8":[15,25],"9":[24,19],"10":[2,17],"11":[6,11],"12":[1,10],"13":[1,15],"14":[1,80],"15":[81,81],"16":[1,79],"17":[64,15],"18":[1,15],"19":[1,22],"20":[2,2],"21":[9],"22":[1,8],"23":[1,7],"24":[1,26],"25":[27,5,3],"26":[1,25],"27":[26,22],"28":[1,24],"29":[25,15],"30":[1,23],"31":[24,15],"32":[15,8],"33":[1,78]},"_coverageSchema":"1a1c01bbd47fc00a2c39e90264f33305004495a9","hash":"71428a9f20c158a6d563c2c054684e12d25add80"}
,"/Users/vinci/大三/大三上/程序设计实践/script-robot/mywork/src/utils/translate.ts": {"path":"/Users/vinci/大三/大三上/程序设计实践/script-robot/mywork/src/utils/translate.ts","statementMap":{"0":{"start":{"line":15,"column":23},"end":{"line":15,"column":59}},"1":{"start":{"line":15,"column":47},"end":{"line":15,"column":59}},"2":{"start":{"line":23,"column":20},"end":{"line":26,"column":2}},"3":{"start":{"line":23,"column":63},"end":{"line":26,"column":1}},"4":{"start":{"line":40,"column":4},"end":{"line":66,"column":5}},"5":{"start":{"line":41,"column":24},"end":{"line":41,"column":26}},"6":{"start":{"line":43,"column":8},"end":{"line":43,"column":43}},"7":{"start":{"line":44,"column":11},"end":{"line":66,"column":5}},"8":{"start":{"line":46,"column":8},"end":{"line":46,"column":36}},"9":{"start":{"line":47,"column":11},"end":{"line":66,"column":5}},"10":{"start":{"line":49,"column":8},"end":{"line":49,"column":46}},"11":{"start":{"line":53,"column":49},"end":{"line":53,"column":75}},"12":{"start":{"line":56,"column":31},"end":{"line":56,"column":75}},"13":{"start":{"line":56,"column":49},"end":{"line":56,"column":74}},"14":{"start":{"line":59,"column":8},"end":{"line":59,"column":108}},"15":{"start":{"line":62,"column":8},"end":{"line":65,"column":9}},"16":{"start":{"line":64,"column":12},"end":{"line":64,"column":47}},"17":{"start":{"line":71,"column":18},"end":{"line":71,"column":20}},"18":{"start":{"line":72,"column":28},"end":{"line":72,"column":54}},"19":{"start":{"line":74,"column":4},"end":{"line":84,"column":5}},"20":{"start":{"line":75,"column":8},"end":{"line":83,"column":20}},"21":{"start":{"line":76,"column":12},"end":{"line":82,"column":13}},"22":{"start":{"line":77,"column":16},"end":{"line":77,"column":30}},"23":{"start":{"line":78,"column":19},"end":{"line":82,"column":13}},"24":{"start":{"line":79,"column":16},"end":{"line":79,"column":47}},"25":{"start":{"line":81,"column":16},"end":{"line":81,"column":55}},"26":{"start":{"line":85,"column":17},"end":{"line":85,"column":42}},"27":{"start":{"line":87,"column":4},"end":{"line":91,"column":6}},"28":{"start":{"line":96,"column":4},"end":{"line":96,"column":46}},"29":{"start":{"line":98,"column":19},"end":{"line":98,"column":52}},"30":{"start":{"line":100,"column":4},"end":{"line":104,"column":6}},"31":{"start":{"line":109,"column":20},"end":{"line":109,"column":52}},"32":{"start":{"line":112,"column":4},"end":{"line":127,"column":5}},"33":{"start":{"line":114,"column":8},"end":{"line":126,"column":20}},"34":{"start":{"line":116,"column":12},"end":{"line":125,"column":13}},"35":{"start":{"line":117,"column":16},"end":{"line":117,"column":33}},"36":{"start":{"line":120,"column":17},"end":{"line":125,"column":13}},"37":{"start":{"line":121,"column":16},"end":{"line":121,"column":50}},"38":{"start":{"line":124,"column":16},"end":{"line":124,"column":55}},"39":{"start":{"line":128,"column":4},"end":{"line":128,"column":19}},"40":{"start":{"line":132,"column":46},"end":{"line":132,"column":72}},"41":{"start":{"line":134,"column":4},"end":{"line":142,"column":5}},"42":{"start":{"line":136,"column":8},"end":{"line":136,"column":42}},"43":{"start":{"line":137,"column":11},"end":{"line":142,"column":5}},"44":{"start":{"line":139,"column":8},"end":{"line":139,"column":46}},"45":{"start":{"line":141,"column":8},"end":{"line":141,"column":59}},"46":{"start":{"line":147,"column":22},"end":{"line":147,"column":58}},"47":{"start":{"line":148,"column":4},"end":{"line":159,"column":5}},"48":{"start":{"line":149,"column":8},"end":{"line":156,"column":11}},"49":{"start":{"line":151,"column":24},"end":{"line":151,"column":104}},"50":{"start":{"line":153,"column":12},"end":{"line":153,"column":61}},"51":{"start":{"line":155,"column":12},"end":{"line":155,"column":42}},"52":{"start":{"line":158,"column":8},"end":{"line":158,"column":43}}},"fnMap":{"0":{"name":"(anonymous_0)","decl":{"start":{"line":15,"column":23},"end":{"line":15,"column":24}},"loc":{"start":{"line":15,"column":47},"end":{"line":15,"column":59}},"line":15},"1":{"name":"(anonymous_1)","decl":{"start":{"line":23,"column":20},"end":{"line":23,"column":21}},"loc":{"start":{"line":23,"column":63},"end":{"line":26,"column":1}},"line":23},"2":{"name":"translate","decl":{"start":{"line":32,"column":16},"end":{"line":32,"column":25}},"loc":{"start":{"line":38,"column":10},"end":{"line":92,"column":1}},"line":38},"3":{"name":"(anonymous_3)","decl":{"start":{"line":56,"column":44},"end":{"line":56,"column":45}},"loc":{"start":{"line":56,"column":49},"end":{"line":56,"column":74}},"line":56},"4":{"name":"(anonymous_4)","decl":{"start":{"line":75,"column":27},"end":{"line":75,"column":28}},"loc":{"start":{"line":75,"column":34},"end":{"line":83,"column":9}},"line":75},"5":{"name":"processEntry","decl":{"start":{"line":94,"column":9},"end":{"line":94,"column":21}},"loc":{"start":{"line":94,"column":65},"end":{"line":105,"column":1}},"line":94},"6":{"name":"processSayInfo","decl":{"start":{"line":107,"column":9},"end":{"line":107,"column":23}},"loc":{"start":{"line":107,"column":75},"end":{"line":129,"column":1}},"line":107},"7":{"name":"(anonymous_7)","decl":{"start":{"line":114,"column":31},"end":{"line":114,"column":32}},"loc":{"start":{"line":114,"column":41},"end":{"line":126,"column":9}},"line":114},"8":{"name":"processSilence","decl":{"start":{"line":130,"column":9},"end":{"line":130,"column":23}},"loc":{"start":{"line":130,"column":50},"end":{"line":143,"column":1}},"line":130},"9":{"name":"processCalculate","decl":{"start":{"line":146,"column":9},"end":{"line":146,"column":25}},"loc":{"start":{"line":146,"column":68},"end":{"line":160,"column":1}},"line":146},"10":{"name":"(anonymous_10)","decl":{"start":{"line":149,"column":27},"end":{"line":149,"column":28}},"loc":{"start":{"line":149,"column":67},"end":{"line":156,"column":9}},"line":149}},"branchMap":{"0":{"loc":{"start":{"line":36,"column":4},"end":{"line":36,"column":17}},"type":"default-arg","locations":[{"start":{"line":36,"column":12},"end":{"line":36,"column":17}}],"line":36},"1":{"loc":{"start":{"line":37,"column":4},"end":{"line":37,"column":19}},"type":"default-arg","locations":[{"start":{"line":37,"column":14},"end":{"line":37,"column":19}}],"line":37},"2":{"loc":{"start":{"line":40,"column":4},"end":{"line":66,"column":5}},"type":"if","locations":[{"start":{"line":40,"column":4},"end":{"line":66,"column":5}},{"start":{"line":44,"column":11},"end":{"line":66,"column":5}}],"line":40},"3":{"loc":{"start":{"line":44,"column":11},"end":{"line":66,"column":5}},"type":"if","locations":[{"start":{"line":44,"column":11},"end":{"line":66,"column":5}},{"start":{"line":47,"column":11},"end":{"line":66,"column":5}}],"line":44},"4":{"loc":{"start":{"line":47,"column":11},"end":{"line":66,"column":5}},"type":"if","locations":[{"start":{"line":47,"column":11},"end":{"line":66,"column":5}},{"start":{"line":50,"column":11},"end":{"line":66,"column":5}}],"line":47},"5":{"loc":{"start":{"line":59,"column":27},"end":{"line":59,"column":107}},"type":"cond-expr","locations":[{"start":{"line":59,"column":44},"end":{"line":59,"column":65}},{"start":{"line":59,"column":69},"end":{"line":59,"column":106}}],"line":59},"6":{"loc":{"start":{"line":59,"column":69},"end":{"line":59,"column":106}},"type":"cond-expr","locations":[{"start":{"line":59,"column":83},"end":{"line":59,"column":101}},{"start":{"line":59,"column":104},"end":{"line":59,"column":106}}],"line":59},"7":{"loc":{"start":{"line":62,"column":8},"end":{"line":65,"column":9}},"type":"if","locations":[{"start":{"line":62,"column":8},"end":{"line":65,"column":9}},{"start":{},"end":{}}],"line":62},"8":{"loc":{"start":{"line":74,"column":4},"end":{"line":84,"column":5}},"type":"if","locations":[{"start":{"line":74,"column":4},"end":{"line":84,"column":5}},{"start":{},"end":{}}],"line":74},"9":{"loc":{"start":{"line":76,"column":12},"end":{"line":82,"column":13}},"type":"if","locations":[{"start":{"line":76,"column":12},"end":{"line":82,"column":13}},{"start":{"line":78,"column":19},"end":{"line":82,"column":13}}],"line":76},"10":{"loc":{"start":{"line":78,"column":19},"end":{"line":82,"column":13}},"type":"if","locations":[{"start":{"line":78,"column":19},"end":{"line":82,"column":13}},{"start":{"line":80,"column":19},"end":{"line":82,"column":13}}],"line":78},"11":{"loc":{"start":{"line":85,"column":17},"end":{"line":85,"column":42}},"type":"cond-expr","locations":[{"start":{"line":85,"column":26},"end":{"line":85,"column":38}},{"start":{"line":85,"column":41},"end":{"line":85,"column":42}}],"line":85},"12":{"loc":{"start":{"line":103,"column":14},"end":{"line":103,"column":39}},"type":"cond-expr","locations":[{"start":{"line":103,"column":23},"end":{"line":103,"column":35}},{"start":{"line":103,"column":38},"end":{"line":103,"column":39}}],"line":103},"13":{"loc":{"start":{"line":112,"column":4},"end":{"line":127,"column":5}},"type":"if","locations":[{"start":{"line":112,"column":4},"end":{"line":127,"column":5}},{"start":{},"end":{}}],"line":112},"14":{"loc":{"start":{"line":116,"column":12},"end":{"line":125,"column":13}},"type":"if","locations":[{"start":{"line":116,"column":12},"end":{"line":125,"column":13}},{"start":{"line":120,"column":17},"end":{"line":125,"column":13}}],"line":116},"15":{"loc":{"start":{"line":120,"column":17},"end":{"line":125,"column":13}},"type":"if","locations":[{"start":{"line":120,"column":17},"end":{"line":125,"column":13}},{"start":{"line":123,"column":17},"end":{"line":125,"column":13}}],"line":120},"16":{"loc":{"start":{"line":134,"column":4},"end":{"line":142,"column":5}},"type":"if","locations":[{"start":{"line":134,"column":4},"end":{"line":142,"column":5}},{"start":{"line":137,"column":11},"end":{"line":142,"column":5}}],"line":134},"17":{"loc":{"start":{"line":137,"column":11},"end":{"line":142,"column":5}},"type":"if","locations":[{"start":{"line":137,"column":11},"end":{"line":142,"column":5}},{"start":{"line":140,"column":11},"end":{"line":142,"column":5}}],"line":137}},"s":{"0":1,"1":1,"2":1,"3":1,"4":17,"5":4,"6":4,"7":13,"8":5,"9":8,"10":2,"11":6,"12":6,"13":17,"14":6,"15":6,"16":2,"17":12,"18":12,"19":12,"20":11,"21":16,"22":11,"23":5,"24":4,"25":1,"26":11,"27":11,"28":4,"29":3,"30":3,"31":4,"32":4,"33":3,"34":5,"35":2,"36":3,"37":2,"38":1,"39":3,"40":5,"41":5,"42":3,"43":2,"44":1,"45":1,"46":2,"47":2,"48":2,"49":2,"50":2,"51":1,"52":1},"f":{"0":1,"1":1,"2":17,"3":17,"4":16,"5":4,"6":4,"7":5,"8":5,"9":2,"10":2},"b":{"0":[1],"1":[1],"2":[4,13],"3":[5,8],"4":[2,6],"5":[3,3],"6":[1,2],"7":[2,4],"8":[11,1],"9":[11,5],"10":[4,1],"11":[7,4],"12":[1,2],"13":[3,1],"14":[2,3],"15":[2,1],"16":[3,2],"17":[1,1]},"_coverageSchema":"1a1c01bbd47fc00a2c39e90264f33305004495a9","hash":"ec8426220f630a72688e1dadb3a5c579c3a6da29"}
}
