{"/Users/vinci/Downloads/script-robot-save/mywork/src/utils/parse.ts": {"path":"/Users/vinci/Downloads/script-robot-save/mywork/src/utils/parse.ts","statementMap":{"0":{"start":{"line":24,"column":4},"end":{"line":24,"column":17}},"1":{"start":{"line":25,"column":4},"end":{"line":25,"column":14}},"2":{"start":{"line":28,"column":4},"end":{"line":28,"column":23}},"3":{"start":{"line":31,"column":4},"end":{"line":31,"column":24}},"4":{"start":{"line":34,"column":4},"end":{"line":34,"column":12}},"5":{"start":{"line":36,"column":4},"end":{"line":36,"column":15}},"6":{"start":{"line":44,"column":4},"end":{"line":49,"column":5}},"7":{"start":{"line":51,"column":4},"end":{"line":53,"column":5}},"8":{"start":{"line":52,"column":8},"end":{"line":52,"column":60}},"9":{"start":{"line":63,"column":18},"end":{"line":63,"column":36}},"10":{"start":{"line":65,"column":4},"end":{"line":72,"column":5}},"11":{"start":{"line":65,"column":41},"end":{"line":65,"column":52}},"12":{"start":{"line":66,"column":8},"end":{"line":68,"column":9}},"13":{"start":{"line":67,"column":12},"end":{"line":67,"column":21}},"14":{"start":{"line":70,"column":8},"end":{"line":70,"column":26}},"15":{"start":{"line":71,"column":8},"end":{"line":71,"column":16}},"16":{"start":{"line":83,"column":24},"end":{"line":83,"column":109}},"17":{"start":{"line":83,"column":76},"end":{"line":83,"column":108}},"18":{"start":{"line":86,"column":4},"end":{"line":86,"column":56}},"19":{"start":{"line":88,"column":19},"end":{"line":88,"column":34}},"20":{"start":{"line":91,"column":4},"end":{"line":91,"column":36}},"21":{"start":{"line":102,"column":17},"end":{"line":102,"column":40}},"22":{"start":{"line":105,"column":21},"end":{"line":105,"column":46}},"23":{"start":{"line":107,"column":4},"end":{"line":138,"column":5}},"24":{"start":{"line":109,"column":12},"end":{"line":109,"column":32}},"25":{"start":{"line":110,"column":12},"end":{"line":110,"column":18}},"26":{"start":{"line":112,"column":12},"end":{"line":112,"column":38}},"27":{"start":{"line":113,"column":12},"end":{"line":113,"column":18}},"28":{"start":{"line":115,"column":12},"end":{"line":115,"column":34}},"29":{"start":{"line":116,"column":12},"end":{"line":116,"column":18}},"30":{"start":{"line":118,"column":12},"end":{"line":118,"column":41}},"31":{"start":{"line":119,"column":12},"end":{"line":119,"column":18}},"32":{"start":{"line":121,"column":12},"end":{"line":121,"column":35}},"33":{"start":{"line":122,"column":12},"end":{"line":122,"column":18}},"34":{"start":{"line":124,"column":12},"end":{"line":124,"column":35}},"35":{"start":{"line":125,"column":12},"end":{"line":125,"column":18}},"36":{"start":{"line":127,"column":12},"end":{"line":127,"column":24}},"37":{"start":{"line":128,"column":12},"end":{"line":128,"column":18}},"38":{"start":{"line":130,"column":12},"end":{"line":130,"column":37}},"39":{"start":{"line":131,"column":12},"end":{"line":131,"column":18}},"40":{"start":{"line":134,"column":12},"end":{"line":137,"column":14}},"41":{"start":{"line":150,"column":22},"end":{"line":150,"column":37}},"42":{"start":{"line":152,"column":4},"end":{"line":161,"column":5}},"43":{"start":{"line":153,"column":8},"end":{"line":155,"column":10}},"44":{"start":{"line":156,"column":11},"end":{"line":161,"column":5}},"45":{"start":{"line":157,"column":8},"end":{"line":160,"column":10}},"46":{"start":{"line":163,"column":17},"end":{"line":163,"column":29}},"47":{"start":{"line":165,"column":4},"end":{"line":165,"column":38}},"48":{"start":{"line":168,"column":4},"end":{"line":169,"column":25}},"49":{"start":{"line":169,"column":8},"end":{"line":169,"column":25}},"50":{"start":{"line":172,"column":4},"end":{"line":172,"column":19}},"51":{"start":{"line":184,"column":4},"end":{"line":184,"column":44}},"52":{"start":{"line":186,"column":21},"end":{"line":186,"column":40}},"53":{"start":{"line":188,"column":23},"end":{"line":188,"column":25}},"54":{"start":{"line":190,"column":14},"end":{"line":190,"column":15}},"55":{"start":{"line":192,"column":4},"end":{"line":215,"column":5}},"56":{"start":{"line":192,"column":46},"end":{"line":192,"column":56}},"57":{"start":{"line":193,"column":8},"end":{"line":214,"column":9}},"58":{"start":{"line":194,"column":24},"end":{"line":194,"column":34}},"59":{"start":{"line":195,"column":12},"end":{"line":195,"column":18}},"60":{"start":{"line":196,"column":12},"end":{"line":200,"column":15}},"61":{"start":{"line":201,"column":15},"end":{"line":214,"column":9}},"62":{"start":{"line":202,"column":12},"end":{"line":202,"column":18}},"63":{"start":{"line":203,"column":15},"end":{"line":214,"column":9}},"64":{"start":{"line":205,"column":25},"end":{"line":205,"column":32}},"65":{"start":{"line":206,"column":12},"end":{"line":210,"column":15}},"66":{"start":{"line":211,"column":12},"end":{"line":211,"column":36}},"67":{"start":{"line":212,"column":15},"end":{"line":214,"column":9}},"68":{"start":{"line":213,"column":12},"end":{"line":213,"column":78}},"69":{"start":{"line":217,"column":4},"end":{"line":217,"column":32}},"70":{"start":{"line":227,"column":17},"end":{"line":227,"column":31}},"71":{"start":{"line":229,"column":4},"end":{"line":231,"column":5}},"72":{"start":{"line":230,"column":8},"end":{"line":230,"column":75}},"73":{"start":{"line":233,"column":28},"end":{"line":236,"column":5}},"74":{"start":{"line":238,"column":4},"end":{"line":238,"column":39}},"75":{"start":{"line":248,"column":27},"end":{"line":248,"column":73}},"76":{"start":{"line":248,"column":61},"end":{"line":248,"column":72}},"77":{"start":{"line":249,"column":4},"end":{"line":251,"column":5}},"78":{"start":{"line":250,"column":8},"end":{"line":250,"column":76}},"79":{"start":{"line":252,"column":4},"end":{"line":255,"column":5}},"80":{"start":{"line":254,"column":8},"end":{"line":254,"column":85}},"81":{"start":{"line":256,"column":23},"end":{"line":256,"column":47}},"82":{"start":{"line":257,"column":4},"end":{"line":271,"column":5}},"83":{"start":{"line":258,"column":8},"end":{"line":262,"column":11}},"84":{"start":{"line":264,"column":8},"end":{"line":270,"column":10}},"85":{"start":{"line":282,"column":20},"end":{"line":282,"column":35}},"86":{"start":{"line":284,"column":4},"end":{"line":288,"column":5}},"87":{"start":{"line":285,"column":8},"end":{"line":287,"column":10}},"88":{"start":{"line":289,"column":33},"end":{"line":292,"column":5}},"89":{"start":{"line":294,"column":4},"end":{"line":294,"column":44}},"90":{"start":{"line":304,"column":26},"end":{"line":304,"column":48}},"91":{"start":{"line":306,"column":4},"end":{"line":310,"column":5}},"92":{"start":{"line":307,"column":8},"end":{"line":309,"column":10}},"93":{"start":{"line":312,"column":33},"end":{"line":315,"column":5}},"94":{"start":{"line":317,"column":4},"end":{"line":317,"column":44}},"95":{"start":{"line":328,"column":4},"end":{"line":328,"column":23}},"96":{"start":{"line":339,"column":4},"end":{"line":339,"column":44}},"97":{"start":{"line":341,"column":31},"end":{"line":341,"column":77}},"98":{"start":{"line":341,"column":65},"end":{"line":341,"column":76}},"99":{"start":{"line":343,"column":22},"end":{"line":343,"column":71}},"100":{"start":{"line":345,"column":4},"end":{"line":345,"column":39}},"101":{"start":{"line":347,"column":4},"end":{"line":347,"column":44}},"102":{"start":{"line":360,"column":4},"end":{"line":362,"column":5}},"103":{"start":{"line":361,"column":8},"end":{"line":361,"column":54}},"104":{"start":{"line":365,"column":4},"end":{"line":367,"column":5}},"105":{"start":{"line":366,"column":8},"end":{"line":366,"column":59}},"106":{"start":{"line":371,"column":4},"end":{"line":399,"column":5}},"107":{"start":{"line":374,"column":72},"end":{"line":374,"column":76}},"108":{"start":{"line":377,"column":8},"end":{"line":381,"column":9}},"109":{"start":{"line":378,"column":12},"end":{"line":378,"column":84}},"110":{"start":{"line":379,"column":15},"end":{"line":381,"column":9}},"111":{"start":{"line":380,"column":12},"end":{"line":380,"column":123}},"112":{"start":{"line":384,"column":8},"end":{"line":386,"column":9}},"113":{"start":{"line":385,"column":12},"end":{"line":385,"column":115}},"114":{"start":{"line":388,"column":8},"end":{"line":390,"column":9}},"115":{"start":{"line":389,"column":12},"end":{"line":389,"column":95}},"116":{"start":{"line":392,"column":8},"end":{"line":398,"column":9}},"117":{"start":{"line":393,"column":12},"end":{"line":397,"column":13}},"118":{"start":{"line":394,"column":16},"end":{"line":396,"column":17}},"119":{"start":{"line":395,"column":20},"end":{"line":395,"column":106}}},"fnMap":{"0":{"name":"parse","decl":{"start":{"line":22,"column":16},"end":{"line":22,"column":21}},"loc":{"start":{"line":22,"column":43},"end":{"line":38,"column":1}},"line":22},"1":{"name":"initialize","decl":{"start":{"line":43,"column":9},"end":{"line":43,"column":19}},"loc":{"start":{"line":43,"column":35},"end":{"line":54,"column":1}},"line":43},"2":{"name":"parseScript","decl":{"start":{"line":61,"column":9},"end":{"line":61,"column":20}},"loc":{"start":{"line":61,"column":37},"end":{"line":73,"column":1}},"line":61},"3":{"name":"(anonymous_3)","decl":{"start":{"line":65,"column":33},"end":{"line":65,"column":34}},"loc":{"start":{"line":65,"column":41},"end":{"line":65,"column":52}},"line":65},"4":{"name":"parseByLine","decl":{"start":{"line":81,"column":9},"end":{"line":81,"column":20}},"loc":{"start":{"line":81,"column":35},"end":{"line":92,"column":1}},"line":81},"5":{"name":"(anonymous_5)","decl":{"start":{"line":83,"column":69},"end":{"line":83,"column":70}},"loc":{"start":{"line":83,"column":76},"end":{"line":83,"column":108}},"line":83},"6":{"name":"parseToken","decl":{"start":{"line":99,"column":9},"end":{"line":99,"column":19}},"loc":{"start":{"line":99,"column":55},"end":{"line":141,"column":1}},"line":99},"7":{"name":"parseStep","decl":{"start":{"line":148,"column":9},"end":{"line":148,"column":18}},"loc":{"start":{"line":148,"column":33},"end":{"line":174,"column":1}},"line":148},"8":{"name":"parseSay","decl":{"start":{"line":182,"column":9},"end":{"line":182,"column":17}},"loc":{"start":{"line":182,"column":53},"end":{"line":219,"column":1}},"line":182},"9":{"name":"(anonymous_9)","decl":{"start":{"line":192,"column":39},"end":{"line":192,"column":40}},"loc":{"start":{"line":192,"column":46},"end":{"line":192,"column":56}},"line":192},"10":{"name":"parseListen","decl":{"start":{"line":226,"column":9},"end":{"line":226,"column":20}},"loc":{"start":{"line":226,"column":41},"end":{"line":239,"column":1}},"line":226},"11":{"name":"parseBranch","decl":{"start":{"line":247,"column":9},"end":{"line":247,"column":20}},"loc":{"start":{"line":247,"column":56},"end":{"line":273,"column":1}},"line":247},"12":{"name":"(anonymous_12)","decl":{"start":{"line":248,"column":51},"end":{"line":248,"column":52}},"loc":{"start":{"line":248,"column":61},"end":{"line":248,"column":72}},"line":248},"13":{"name":"parseSilence","decl":{"start":{"line":280,"column":9},"end":{"line":280,"column":21}},"loc":{"start":{"line":280,"column":36},"end":{"line":296,"column":1}},"line":280},"14":{"name":"parseDefault","decl":{"start":{"line":303,"column":9},"end":{"line":303,"column":21}},"loc":{"start":{"line":303,"column":36},"end":{"line":319,"column":1}},"line":303},"15":{"name":"parseExit","decl":{"start":{"line":326,"column":9},"end":{"line":326,"column":18}},"loc":{"start":{"line":326,"column":21},"end":{"line":330,"column":1}},"line":326},"16":{"name":"parseCalculate","decl":{"start":{"line":337,"column":9},"end":{"line":337,"column":23}},"loc":{"start":{"line":337,"column":48},"end":{"line":350,"column":1}},"line":337},"17":{"name":"(anonymous_17)","decl":{"start":{"line":341,"column":55},"end":{"line":341,"column":56}},"loc":{"start":{"line":341,"column":65},"end":{"line":341,"column":76}},"line":341},"18":{"name":"check","decl":{"start":{"line":358,"column":16},"end":{"line":358,"column":21}},"loc":{"start":{"line":358,"column":46},"end":{"line":401,"column":1}},"line":358}},"branchMap":{"0":{"loc":{"start":{"line":51,"column":4},"end":{"line":53,"column":5}},"type":"if","locations":[{"start":{"line":51,"column":4},"end":{"line":53,"column":5}},{"start":{},"end":{}}],"line":51},"1":{"loc":{"start":{"line":66,"column":8},"end":{"line":68,"column":9}},"type":"if","locations":[{"start":{"line":66,"column":8},"end":{"line":68,"column":9}},{"start":{},"end":{}}],"line":66},"2":{"loc":{"start":{"line":66,"column":12},"end":{"line":66,"column":47}},"type":"binary-expr","locations":[{"start":{"line":66,"column":12},"end":{"line":66,"column":23}},{"start":{"line":66,"column":27},"end":{"line":66,"column":47}}],"line":66},"3":{"loc":{"start":{"line":83,"column":25},"end":{"line":83,"column":63}},"type":"binary-expr","locations":[{"start":{"line":83,"column":25},"end":{"line":83,"column":57}},{"start":{"line":83,"column":61},"end":{"line":83,"column":63}}],"line":83},"4":{"loc":{"start":{"line":107,"column":4},"end":{"line":138,"column":5}},"type":"switch","locations":[{"start":{"line":108,"column":8},"end":{"line":110,"column":18}},{"start":{"line":111,"column":8},"end":{"line":113,"column":18}},{"start":{"line":114,"column":8},"end":{"line":116,"column":18}},{"start":{"line":117,"column":8},"end":{"line":119,"column":18}},{"start":{"line":120,"column":8},"end":{"line":122,"column":18}},{"start":{"line":123,"column":8},"end":{"line":125,"column":18}},{"start":{"line":126,"column":8},"end":{"line":128,"column":18}},{"start":{"line":129,"column":8},"end":{"line":131,"column":18}},{"start":{"line":132,"column":8},"end":{"line":137,"column":14}}],"line":107},"5":{"loc":{"start":{"line":152,"column":4},"end":{"line":161,"column":5}},"type":"if","locations":[{"start":{"line":152,"column":4},"end":{"line":161,"column":5}},{"start":{"line":156,"column":11},"end":{"line":161,"column":5}}],"line":152},"6":{"loc":{"start":{"line":152,"column":7},"end":{"line":152,"column":56}},"type":"binary-expr","locations":[{"start":{"line":152,"column":7},"end":{"line":152,"column":28}},{"start":{"line":152,"column":32},"end":{"line":152,"column":56}}],"line":152},"7":{"loc":{"start":{"line":156,"column":11},"end":{"line":161,"column":5}},"type":"if","locations":[{"start":{"line":156,"column":11},"end":{"line":161,"column":5}},{"start":{},"end":{}}],"line":156},"8":{"loc":{"start":{"line":168,"column":4},"end":{"line":169,"column":25}},"type":"if","locations":[{"start":{"line":168,"column":4},"end":{"line":169,"column":25}},{"start":{},"end":{}}],"line":168},"9":{"loc":{"start":{"line":193,"column":8},"end":{"line":214,"column":9}},"type":"if","locations":[{"start":{"line":193,"column":8},"end":{"line":214,"column":9}},{"start":{"line":201,"column":15},"end":{"line":214,"column":9}}],"line":193},"10":{"loc":{"start":{"line":201,"column":15},"end":{"line":214,"column":9}},"type":"if","locations":[{"start":{"line":201,"column":15},"end":{"line":214,"column":9}},{"start":{"line":203,"column":15},"end":{"line":214,"column":9}}],"line":201},"11":{"loc":{"start":{"line":203,"column":15},"end":{"line":214,"column":9}},"type":"if","locations":[{"start":{"line":203,"column":15},"end":{"line":214,"column":9}},{"start":{"line":212,"column":15},"end":{"line":214,"column":9}}],"line":203},"12":{"loc":{"start":{"line":212,"column":15},"end":{"line":214,"column":9}},"type":"if","locations":[{"start":{"line":212,"column":15},"end":{"line":214,"column":9}},{"start":{},"end":{}}],"line":212},"13":{"loc":{"start":{"line":229,"column":4},"end":{"line":231,"column":5}},"type":"if","locations":[{"start":{"line":229,"column":4},"end":{"line":231,"column":5}},{"start":{},"end":{}}],"line":229},"14":{"loc":{"start":{"line":249,"column":4},"end":{"line":251,"column":5}},"type":"if","locations":[{"start":{"line":249,"column":4},"end":{"line":251,"column":5}},{"start":{},"end":{}}],"line":249},"15":{"loc":{"start":{"line":249,"column":8},"end":{"line":249,"column":24}},"type":"binary-expr","locations":[{"start":{"line":249,"column":8},"end":{"line":249,"column":15}},{"start":{"line":249,"column":19},"end":{"line":249,"column":24}}],"line":249},"16":{"loc":{"start":{"line":252,"column":4},"end":{"line":255,"column":5}},"type":"if","locations":[{"start":{"line":252,"column":4},"end":{"line":255,"column":5}},{"start":{},"end":{}}],"line":252},"17":{"loc":{"start":{"line":257,"column":4},"end":{"line":271,"column":5}},"type":"if","locations":[{"start":{"line":257,"column":4},"end":{"line":271,"column":5}},{"start":{"line":263,"column":11},"end":{"line":271,"column":5}}],"line":257},"18":{"loc":{"start":{"line":284,"column":4},"end":{"line":288,"column":5}},"type":"if","locations":[{"start":{"line":284,"column":4},"end":{"line":288,"column":5}},{"start":{},"end":{}}],"line":284},"19":{"loc":{"start":{"line":306,"column":4},"end":{"line":310,"column":5}},"type":"if","locations":[{"start":{"line":306,"column":4},"end":{"line":310,"column":5}},{"start":{},"end":{}}],"line":306},"20":{"loc":{"start":{"line":343,"column":22},"end":{"line":343,"column":71}},"type":"binary-expr","locations":[{"start":{"line":343,"column":22},"end":{"line":343,"column":49}},{"start":{"line":343,"column":54},"end":{"line":343,"column":70}}],"line":343},"21":{"loc":{"start":{"line":358,"column":22},"end":{"line":358,"column":38}},"type":"default-arg","locations":[{"start":{"line":358,"column":35},"end":{"line":358,"column":38}}],"line":358},"22":{"loc":{"start":{"line":360,"column":4},"end":{"line":362,"column":5}},"type":"if","locations":[{"start":{"line":360,"column":4},"end":{"line":362,"column":5}},{"start":{},"end":{}}],"line":360},"23":{"loc":{"start":{"line":365,"column":4},"end":{"line":367,"column":5}},"type":"if","locations":[{"start":{"line":365,"column":4},"end":{"line":367,"column":5}},{"start":{},"end":{}}],"line":365},"24":{"loc":{"start":{"line":377,"column":8},"end":{"line":381,"column":9}},"type":"if","locations":[{"start":{"line":377,"column":8},"end":{"line":381,"column":9}},{"start":{"line":379,"column":15},"end":{"line":381,"column":9}}],"line":377},"25":{"loc":{"start":{"line":377,"column":12},"end":{"line":377,"column":75}},"type":"binary-expr","locations":[{"start":{"line":377,"column":12},"end":{"line":377,"column":24}},{"start":{"line":377,"column":28},"end":{"line":377,"column":56}},{"start":{"line":377,"column":60},"end":{"line":377,"column":75}}],"line":377},"26":{"loc":{"start":{"line":379,"column":15},"end":{"line":381,"column":9}},"type":"if","locations":[{"start":{"line":379,"column":15},"end":{"line":381,"column":9}},{"start":{},"end":{}}],"line":379},"27":{"loc":{"start":{"line":379,"column":19},"end":{"line":379,"column":87}},"type":"binary-expr","locations":[{"start":{"line":379,"column":19},"end":{"line":379,"column":30}},{"start":{"line":379,"column":34},"end":{"line":379,"column":87}}],"line":379},"28":{"loc":{"start":{"line":384,"column":8},"end":{"line":386,"column":9}},"type":"if","locations":[{"start":{"line":384,"column":8},"end":{"line":386,"column":9}},{"start":{},"end":{}}],"line":384},"29":{"loc":{"start":{"line":384,"column":12},"end":{"line":384,"column":72}},"type":"binary-expr","locations":[{"start":{"line":384,"column":12},"end":{"line":384,"column":19}},{"start":{"line":384,"column":23},"end":{"line":384,"column":72}}],"line":384},"30":{"loc":{"start":{"line":388,"column":8},"end":{"line":390,"column":9}},"type":"if","locations":[{"start":{"line":388,"column":8},"end":{"line":390,"column":9}},{"start":{},"end":{}}],"line":388},"31":{"loc":{"start":{"line":388,"column":12},"end":{"line":388,"column":39}},"type":"binary-expr","locations":[{"start":{"line":388,"column":12},"end":{"line":388,"column":18}},{"start":{"line":388,"column":22},"end":{"line":388,"column":39}}],"line":388},"32":{"loc":{"start":{"line":392,"column":8},"end":{"line":398,"column":9}},"type":"if","locations":[{"start":{"line":392,"column":8},"end":{"line":398,"column":9}},{"start":{},"end":{}}],"line":392},"33":{"loc":{"start":{"line":394,"column":16},"end":{"line":396,"column":17}},"type":"if","locations":[{"start":{"line":394,"column":16},"end":{"line":396,"column":17}},{"start":{},"end":{}}],"line":394}},"s":{"0":20,"1":20,"2":20,"3":19,"4":9,"5":2,"6":20,"7":20,"8":1,"9":19,"10":19,"11":247,"12":235,"13":23,"14":212,"15":202,"16":212,"17":103,"18":212,"19":212,"20":212,"21":212,"22":212,"23":212,"24":43,"25":40,"26":23,"27":22,"28":16,"29":15,"30":81,"31":79,"32":16,"33":15,"34":23,"35":22,"36":7,"37":7,"38":2,"39":2,"40":1,"41":43,"42":43,"43":1,"44":42,"45":2,"46":40,"47":40,"48":40,"49":15,"50":40,"51":23,"52":23,"53":23,"54":23,"55":23,"56":43,"57":43,"58":24,"59":24,"60":24,"61":19,"62":2,"63":17,"64":6,"65":6,"66":6,"67":11,"68":1,"69":22,"70":16,"71":16,"72":1,"73":15,"74":15,"75":81,"76":161,"77":81,"78":1,"79":80,"80":1,"81":79,"82":79,"83":64,"84":15,"85":16,"86":16,"87":1,"88":15,"89":15,"90":23,"91":23,"92":1,"93":22,"94":22,"95":7,"96":2,"97":2,"98":6,"99":2,"100":2,"101":2,"102":10,"103":1,"104":8,"105":1,"106":7,"107":27,"108":27,"109":1,"110":26,"111":1,"112":25,"113":1,"114":24,"115":1,"116":23,"117":15,"118":79,"119":1},"f":{"0":20,"1":20,"2":19,"3":247,"4":212,"5":103,"6":212,"7":43,"8":23,"9":43,"10":16,"11":81,"12":161,"13":16,"14":23,"15":7,"16":2,"17":6,"18":10},"b":{"0":[1,19],"1":[23,212],"2":[235,213],"3":[212,111],"4":[43,23,16,81,16,23,7,2,1],"5":[1,42],"6":[43,43],"7":[2,40],"8":[15,25],"9":[24,19],"10":[2,17],"11":[6,11],"12":[1,10],"13":[1,15],"14":[1,80],"15":[81,81],"16":[1,79],"17":[64,15],"18":[1,15],"19":[1,22],"20":[2,2],"21":[9],"22":[1,8],"23":[1,7],"24":[1,26],"25":[27,5,3],"26":[1,25],"27":[26,22],"28":[1,24],"29":[25,15],"30":[1,23],"31":[24,15],"32":[15,8],"33":[1,78]},"_coverageSchema":"1a1c01bbd47fc00a2c39e90264f33305004495a9","hash":"6baca1778d4af9acc8b7b80e24a386ddbbf1a05d"}
,"/Users/vinci/Downloads/script-robot-save/mywork/src/utils/translate.ts": {"path":"/Users/vinci/Downloads/script-robot-save/mywork/src/utils/translate.ts","statementMap":{"0":{"start":{"line":17,"column":23},"end":{"line":17,"column":59}},"1":{"start":{"line":17,"column":47},"end":{"line":17,"column":59}},"2":{"start":{"line":25,"column":20},"end":{"line":28,"column":2}},"3":{"start":{"line":25,"column":63},"end":{"line":28,"column":1}},"4":{"start":{"line":42,"column":4},"end":{"line":64,"column":5}},"5":{"start":{"line":43,"column":24},"end":{"line":43,"column":26}},"6":{"start":{"line":44,"column":8},"end":{"line":44,"column":43}},"7":{"start":{"line":45,"column":11},"end":{"line":64,"column":5}},"8":{"start":{"line":46,"column":8},"end":{"line":46,"column":36}},"9":{"start":{"line":47,"column":11},"end":{"line":64,"column":5}},"10":{"start":{"line":48,"column":8},"end":{"line":48,"column":46}},"11":{"start":{"line":51,"column":49},"end":{"line":51,"column":75}},"12":{"start":{"line":54,"column":31},"end":{"line":54,"column":75}},"13":{"start":{"line":54,"column":49},"end":{"line":54,"column":74}},"14":{"start":{"line":57,"column":8},"end":{"line":57,"column":108}},"15":{"start":{"line":60,"column":8},"end":{"line":63,"column":9}},"16":{"start":{"line":62,"column":12},"end":{"line":62,"column":47}},"17":{"start":{"line":68,"column":18},"end":{"line":68,"column":20}},"18":{"start":{"line":69,"column":28},"end":{"line":69,"column":54}},"19":{"start":{"line":71,"column":4},"end":{"line":81,"column":5}},"20":{"start":{"line":72,"column":8},"end":{"line":80,"column":20}},"21":{"start":{"line":73,"column":12},"end":{"line":79,"column":13}},"22":{"start":{"line":74,"column":16},"end":{"line":74,"column":30}},"23":{"start":{"line":75,"column":19},"end":{"line":79,"column":13}},"24":{"start":{"line":76,"column":16},"end":{"line":76,"column":47}},"25":{"start":{"line":78,"column":16},"end":{"line":78,"column":55}},"26":{"start":{"line":82,"column":17},"end":{"line":82,"column":42}},"27":{"start":{"line":84,"column":4},"end":{"line":88,"column":6}},"28":{"start":{"line":93,"column":4},"end":{"line":93,"column":46}},"29":{"start":{"line":95,"column":19},"end":{"line":95,"column":52}},"30":{"start":{"line":97,"column":4},"end":{"line":101,"column":6}},"31":{"start":{"line":106,"column":20},"end":{"line":106,"column":52}},"32":{"start":{"line":109,"column":4},"end":{"line":124,"column":5}},"33":{"start":{"line":111,"column":8},"end":{"line":123,"column":20}},"34":{"start":{"line":113,"column":12},"end":{"line":122,"column":13}},"35":{"start":{"line":114,"column":16},"end":{"line":114,"column":33}},"36":{"start":{"line":117,"column":17},"end":{"line":122,"column":13}},"37":{"start":{"line":118,"column":16},"end":{"line":118,"column":50}},"38":{"start":{"line":121,"column":16},"end":{"line":121,"column":55}},"39":{"start":{"line":125,"column":4},"end":{"line":125,"column":19}},"40":{"start":{"line":129,"column":46},"end":{"line":129,"column":72}},"41":{"start":{"line":131,"column":4},"end":{"line":139,"column":5}},"42":{"start":{"line":133,"column":8},"end":{"line":133,"column":42}},"43":{"start":{"line":134,"column":11},"end":{"line":139,"column":5}},"44":{"start":{"line":136,"column":8},"end":{"line":136,"column":46}},"45":{"start":{"line":138,"column":8},"end":{"line":138,"column":59}},"46":{"start":{"line":144,"column":22},"end":{"line":144,"column":58}},"47":{"start":{"line":145,"column":4},"end":{"line":156,"column":5}},"48":{"start":{"line":146,"column":8},"end":{"line":153,"column":11}},"49":{"start":{"line":148,"column":24},"end":{"line":148,"column":104}},"50":{"start":{"line":150,"column":12},"end":{"line":150,"column":61}},"51":{"start":{"line":152,"column":12},"end":{"line":152,"column":42}},"52":{"start":{"line":155,"column":8},"end":{"line":155,"column":43}}},"fnMap":{"0":{"name":"(anonymous_0)","decl":{"start":{"line":17,"column":23},"end":{"line":17,"column":24}},"loc":{"start":{"line":17,"column":47},"end":{"line":17,"column":59}},"line":17},"1":{"name":"(anonymous_1)","decl":{"start":{"line":25,"column":20},"end":{"line":25,"column":21}},"loc":{"start":{"line":25,"column":63},"end":{"line":28,"column":1}},"line":25},"2":{"name":"translate","decl":{"start":{"line":34,"column":16},"end":{"line":34,"column":25}},"loc":{"start":{"line":40,"column":10},"end":{"line":89,"column":1}},"line":40},"3":{"name":"(anonymous_3)","decl":{"start":{"line":54,"column":44},"end":{"line":54,"column":45}},"loc":{"start":{"line":54,"column":49},"end":{"line":54,"column":74}},"line":54},"4":{"name":"(anonymous_4)","decl":{"start":{"line":72,"column":27},"end":{"line":72,"column":28}},"loc":{"start":{"line":72,"column":34},"end":{"line":80,"column":9}},"line":72},"5":{"name":"processEntry","decl":{"start":{"line":91,"column":9},"end":{"line":91,"column":21}},"loc":{"start":{"line":91,"column":65},"end":{"line":102,"column":1}},"line":91},"6":{"name":"processSayInfo","decl":{"start":{"line":104,"column":9},"end":{"line":104,"column":23}},"loc":{"start":{"line":104,"column":75},"end":{"line":126,"column":1}},"line":104},"7":{"name":"(anonymous_7)","decl":{"start":{"line":111,"column":31},"end":{"line":111,"column":32}},"loc":{"start":{"line":111,"column":41},"end":{"line":123,"column":9}},"line":111},"8":{"name":"processSilence","decl":{"start":{"line":127,"column":9},"end":{"line":127,"column":23}},"loc":{"start":{"line":127,"column":50},"end":{"line":140,"column":1}},"line":127},"9":{"name":"processCalculate","decl":{"start":{"line":143,"column":9},"end":{"line":143,"column":25}},"loc":{"start":{"line":143,"column":68},"end":{"line":157,"column":1}},"line":143},"10":{"name":"(anonymous_10)","decl":{"start":{"line":146,"column":27},"end":{"line":146,"column":28}},"loc":{"start":{"line":146,"column":67},"end":{"line":153,"column":9}},"line":146}},"branchMap":{"0":{"loc":{"start":{"line":38,"column":4},"end":{"line":38,"column":17}},"type":"default-arg","locations":[{"start":{"line":38,"column":12},"end":{"line":38,"column":17}}],"line":38},"1":{"loc":{"start":{"line":39,"column":4},"end":{"line":39,"column":19}},"type":"default-arg","locations":[{"start":{"line":39,"column":14},"end":{"line":39,"column":19}}],"line":39},"2":{"loc":{"start":{"line":42,"column":4},"end":{"line":64,"column":5}},"type":"if","locations":[{"start":{"line":42,"column":4},"end":{"line":64,"column":5}},{"start":{"line":45,"column":11},"end":{"line":64,"column":5}}],"line":42},"3":{"loc":{"start":{"line":45,"column":11},"end":{"line":64,"column":5}},"type":"if","locations":[{"start":{"line":45,"column":11},"end":{"line":64,"column":5}},{"start":{"line":47,"column":11},"end":{"line":64,"column":5}}],"line":45},"4":{"loc":{"start":{"line":47,"column":11},"end":{"line":64,"column":5}},"type":"if","locations":[{"start":{"line":47,"column":11},"end":{"line":64,"column":5}},{"start":{"line":49,"column":11},"end":{"line":64,"column":5}}],"line":47},"5":{"loc":{"start":{"line":57,"column":27},"end":{"line":57,"column":107}},"type":"cond-expr","locations":[{"start":{"line":57,"column":44},"end":{"line":57,"column":65}},{"start":{"line":57,"column":69},"end":{"line":57,"column":106}}],"line":57},"6":{"loc":{"start":{"line":57,"column":69},"end":{"line":57,"column":106}},"type":"cond-expr","locations":[{"start":{"line":57,"column":83},"end":{"line":57,"column":101}},{"start":{"line":57,"column":104},"end":{"line":57,"column":106}}],"line":57},"7":{"loc":{"start":{"line":60,"column":8},"end":{"line":63,"column":9}},"type":"if","locations":[{"start":{"line":60,"column":8},"end":{"line":63,"column":9}},{"start":{},"end":{}}],"line":60},"8":{"loc":{"start":{"line":71,"column":4},"end":{"line":81,"column":5}},"type":"if","locations":[{"start":{"line":71,"column":4},"end":{"line":81,"column":5}},{"start":{},"end":{}}],"line":71},"9":{"loc":{"start":{"line":73,"column":12},"end":{"line":79,"column":13}},"type":"if","locations":[{"start":{"line":73,"column":12},"end":{"line":79,"column":13}},{"start":{"line":75,"column":19},"end":{"line":79,"column":13}}],"line":73},"10":{"loc":{"start":{"line":75,"column":19},"end":{"line":79,"column":13}},"type":"if","locations":[{"start":{"line":75,"column":19},"end":{"line":79,"column":13}},{"start":{"line":77,"column":19},"end":{"line":79,"column":13}}],"line":75},"11":{"loc":{"start":{"line":82,"column":17},"end":{"line":82,"column":42}},"type":"cond-expr","locations":[{"start":{"line":82,"column":26},"end":{"line":82,"column":38}},{"start":{"line":82,"column":41},"end":{"line":82,"column":42}}],"line":82},"12":{"loc":{"start":{"line":100,"column":14},"end":{"line":100,"column":39}},"type":"cond-expr","locations":[{"start":{"line":100,"column":23},"end":{"line":100,"column":35}},{"start":{"line":100,"column":38},"end":{"line":100,"column":39}}],"line":100},"13":{"loc":{"start":{"line":109,"column":4},"end":{"line":124,"column":5}},"type":"if","locations":[{"start":{"line":109,"column":4},"end":{"line":124,"column":5}},{"start":{},"end":{}}],"line":109},"14":{"loc":{"start":{"line":113,"column":12},"end":{"line":122,"column":13}},"type":"if","locations":[{"start":{"line":113,"column":12},"end":{"line":122,"column":13}},{"start":{"line":117,"column":17},"end":{"line":122,"column":13}}],"line":113},"15":{"loc":{"start":{"line":117,"column":17},"end":{"line":122,"column":13}},"type":"if","locations":[{"start":{"line":117,"column":17},"end":{"line":122,"column":13}},{"start":{"line":120,"column":17},"end":{"line":122,"column":13}}],"line":117},"16":{"loc":{"start":{"line":131,"column":4},"end":{"line":139,"column":5}},"type":"if","locations":[{"start":{"line":131,"column":4},"end":{"line":139,"column":5}},{"start":{"line":134,"column":11},"end":{"line":139,"column":5}}],"line":131},"17":{"loc":{"start":{"line":134,"column":11},"end":{"line":139,"column":5}},"type":"if","locations":[{"start":{"line":134,"column":11},"end":{"line":139,"column":5}},{"start":{"line":137,"column":11},"end":{"line":139,"column":5}}],"line":134}},"s":{"0":1,"1":1,"2":1,"3":1,"4":21,"5":4,"6":4,"7":17,"8":5,"9":12,"10":2,"11":10,"12":10,"13":33,"14":10,"15":10,"16":2,"17":16,"18":16,"19":16,"20":15,"21":20,"22":15,"23":5,"24":4,"25":1,"26":15,"27":15,"28":4,"29":3,"30":3,"31":4,"32":4,"33":3,"34":5,"35":2,"36":3,"37":2,"38":1,"39":3,"40":5,"41":5,"42":3,"43":2,"44":1,"45":1,"46":2,"47":2,"48":2,"49":2,"50":2,"51":1,"52":1},"f":{"0":1,"1":1,"2":21,"3":33,"4":20,"5":4,"6":4,"7":5,"8":5,"9":2,"10":2},"b":{"0":[1],"1":[1],"2":[4,17],"3":[5,12],"4":[2,10],"5":[7,3],"6":[1,2],"7":[2,8],"8":[15,1],"9":[15,5],"10":[4,1],"11":[7,8],"12":[1,2],"13":[3,1],"14":[2,3],"15":[2,1],"16":[3,2],"17":[1,1]},"_coverageSchema":"1a1c01bbd47fc00a2c39e90264f33305004495a9","hash":"e9d8f43ea6f3de6339c5aa5251e02242b126bb41"}
}
