TN:
SF:src/utils/parse.ts
FN:20,parse
FN:41,initialize
FN:59,parseScript
FN:63,(anonymous_3)
FN:80,parseByLine
FN:82,(anonymous_5)
FN:98,parseToken
FN:149,parseStep
FN:183,parseSay
FN:193,(anonymous_9)
FN:227,parseListen
FN:248,parseBranch
FN:249,(anonymous_12)
FN:281,parseSilence
FN:304,parseDefault
FN:327,parseExit
FN:338,parseCalculate
FN:342,(anonymous_17)
FN:359,check
FNF:19
FNH:19
FNDA:20,parse
FNDA:20,initialize
FNDA:19,parseScript
FNDA:247,(anonymous_3)
FNDA:212,parseByLine
FNDA:103,(anonymous_5)
FNDA:212,parseToken
FNDA:43,parseStep
FNDA:23,parseSay
FNDA:43,(anonymous_9)
FNDA:16,parseListen
FNDA:81,parseBranch
FNDA:161,(anonymous_12)
FNDA:16,parseSilence
FNDA:23,parseDefault
FNDA:7,parseExit
FNDA:2,parseCalculate
FNDA:6,(anonymous_17)
FNDA:10,check
DA:22,20
DA:23,20
DA:26,20
DA:29,19
DA:32,9
DA:34,2
DA:42,20
DA:49,20
DA:50,1
DA:61,19
DA:63,247
DA:65,235
DA:66,23
DA:69,212
DA:70,202
DA:82,212
DA:85,212
DA:87,212
DA:90,212
DA:103,212
DA:106,212
DA:108,212
DA:110,43
DA:111,40
DA:113,23
DA:114,22
DA:116,16
DA:117,15
DA:119,81
DA:120,79
DA:122,16
DA:123,15
DA:125,23
DA:126,22
DA:128,7
DA:129,7
DA:131,2
DA:132,2
DA:135,1
DA:151,43
DA:153,43
DA:154,1
DA:157,42
DA:158,2
DA:164,40
DA:166,40
DA:169,40
DA:170,15
DA:173,40
DA:185,23
DA:187,23
DA:189,23
DA:191,23
DA:193,43
DA:194,43
DA:195,24
DA:196,24
DA:197,24
DA:202,19
DA:203,2
DA:204,17
DA:206,6
DA:207,6
DA:212,6
DA:213,11
DA:214,1
DA:218,22
DA:228,16
DA:230,16
DA:231,1
DA:234,15
DA:239,15
DA:249,161
DA:250,81
DA:251,1
DA:253,80
DA:255,1
DA:257,79
DA:258,79
DA:259,64
DA:265,15
DA:283,16
DA:285,16
DA:286,1
DA:290,15
DA:295,15
DA:305,23
DA:307,23
DA:308,1
DA:313,22
DA:318,22
DA:329,7
DA:340,2
DA:342,6
DA:344,2
DA:346,2
DA:348,2
DA:361,10
DA:362,1
DA:366,8
DA:367,1
DA:372,7
DA:375,27
DA:378,27
DA:379,1
DA:380,26
DA:381,1
DA:385,25
DA:386,1
DA:389,24
DA:390,1
DA:393,23
DA:394,15
DA:395,79
DA:396,1
LF:115
LH:115
BRDA:49,0,0,1
BRDA:49,0,1,19
BRDA:65,1,0,23
BRDA:65,1,1,212
BRDA:65,2,0,235
BRDA:65,2,1,213
BRDA:82,3,0,212
BRDA:82,3,1,111
BRDA:108,4,0,43
BRDA:108,4,1,23
BRDA:108,4,2,16
BRDA:108,4,3,81
BRDA:108,4,4,16
BRDA:108,4,5,23
BRDA:108,4,6,7
BRDA:108,4,7,2
BRDA:108,4,8,1
BRDA:153,5,0,1
BRDA:153,5,1,42
BRDA:153,6,0,43
BRDA:153,6,1,43
BRDA:157,7,0,2
BRDA:157,7,1,40
BRDA:169,8,0,15
BRDA:169,8,1,25
BRDA:194,9,0,24
BRDA:194,9,1,19
BRDA:202,10,0,2
BRDA:202,10,1,17
BRDA:204,11,0,6
BRDA:204,11,1,11
BRDA:213,12,0,1
BRDA:213,12,1,10
BRDA:230,13,0,1
BRDA:230,13,1,15
BRDA:250,14,0,1
BRDA:250,14,1,80
BRDA:250,15,0,81
BRDA:250,15,1,81
BRDA:253,16,0,1
BRDA:253,16,1,79
BRDA:258,17,0,64
BRDA:258,17,1,15
BRDA:285,18,0,1
BRDA:285,18,1,15
BRDA:307,19,0,1
BRDA:307,19,1,22
BRDA:344,20,0,2
BRDA:344,20,1,2
BRDA:359,21,0,9
BRDA:361,22,0,1
BRDA:361,22,1,8
BRDA:366,23,0,1
BRDA:366,23,1,7
BRDA:378,24,0,1
BRDA:378,24,1,26
BRDA:378,25,0,27
BRDA:378,25,1,5
BRDA:378,25,2,3
BRDA:380,26,0,1
BRDA:380,26,1,25
BRDA:380,27,0,26
BRDA:380,27,1,22
BRDA:385,28,0,1
BRDA:385,28,1,24
BRDA:385,29,0,25
BRDA:385,29,1,15
BRDA:389,30,0,1
BRDA:389,30,1,23
BRDA:389,31,0,24
BRDA:389,31,1,15
BRDA:393,32,0,15
BRDA:393,32,1,8
BRDA:395,33,0,1
BRDA:395,33,1,78
BRF:75
BRH:75
end_of_record
TN:
SF:src/utils/translate.ts
FN:17,(anonymous_0)
FN:25,(anonymous_1)
FN:34,translate
FN:54,(anonymous_3)
FN:72,(anonymous_4)
FN:91,processEntry
FN:104,processSayInfo
FN:111,(anonymous_7)
FN:127,processSilence
FN:143,processCalculate
FN:146,(anonymous_10)
FNF:11
FNH:11
FNDA:1,(anonymous_0)
FNDA:1,(anonymous_1)
FNDA:21,translate
FNDA:33,(anonymous_3)
FNDA:20,(anonymous_4)
FNDA:4,processEntry
FNDA:4,processSayInfo
FNDA:5,(anonymous_7)
FNDA:5,processSilence
FNDA:2,processCalculate
FNDA:2,(anonymous_10)
DA:17,1
DA:25,1
DA:42,21
DA:43,4
DA:44,4
DA:45,17
DA:46,5
DA:47,12
DA:48,2
DA:51,10
DA:54,33
DA:57,10
DA:60,10
DA:62,2
DA:68,16
DA:69,16
DA:71,16
DA:72,15
DA:73,20
DA:74,15
DA:75,5
DA:76,4
DA:78,1
DA:82,15
DA:84,15
DA:93,4
DA:95,3
DA:97,3
DA:106,4
DA:109,4
DA:111,3
DA:113,5
DA:114,2
DA:117,3
DA:118,2
DA:121,1
DA:125,3
DA:129,5
DA:131,5
DA:133,3
DA:134,2
DA:136,1
DA:138,1
DA:144,2
DA:145,2
DA:146,2
DA:148,2
DA:150,2
DA:152,1
DA:155,1
LF:50
LH:50
BRDA:38,0,0,1
BRDA:39,1,0,1
BRDA:42,2,0,4
BRDA:42,2,1,17
BRDA:45,3,0,5
BRDA:45,3,1,12
BRDA:47,4,0,2
BRDA:47,4,1,10
BRDA:57,5,0,7
BRDA:57,5,1,3
BRDA:57,6,0,1
BRDA:57,6,1,2
BRDA:60,7,0,2
BRDA:60,7,1,8
BRDA:71,8,0,15
BRDA:71,8,1,1
BRDA:73,9,0,15
BRDA:73,9,1,5
BRDA:75,10,0,4
BRDA:75,10,1,1
BRDA:82,11,0,7
BRDA:82,11,1,8
BRDA:100,12,0,1
BRDA:100,12,1,2
BRDA:109,13,0,3
BRDA:109,13,1,1
BRDA:113,14,0,2
BRDA:113,14,1,3
BRDA:117,15,0,2
BRDA:117,15,1,1
BRDA:131,16,0,3
BRDA:131,16,1,2
BRDA:134,17,0,1
BRDA:134,17,1,1
BRF:34
BRH:34
end_of_record
