TN:
SF:src/utils/parse.ts
FN:22,parse
FN:43,initialize
FN:61,parseScript
FN:65,(anonymous_3)
FN:81,parseByLine
FN:83,(anonymous_5)
FN:99,parseToken
FN:148,parseStep
FN:182,parseSay
FN:192,(anonymous_9)
FN:226,parseListen
FN:247,parseBranch
FN:248,(anonymous_12)
FN:280,parseSilence
FN:303,parseDefault
FN:326,parseExit
FN:337,parseCalculate
FN:341,(anonymous_17)
FN:358,check
FNF:19
FNH:19
FNDA:20,parse
FNDA:20,initialize
FNDA:19,parseScript
FNDA:247,(anonymous_3)
FNDA:212,parseByLine
FNDA:103,(anonymous_5)
FNDA:212,parseToken
FNDA:43,parseStep
FNDA:23,parseSay
FNDA:43,(anonymous_9)
FNDA:16,parseListen
FNDA:81,parseBranch
FNDA:161,(anonymous_12)
FNDA:16,parseSilence
FNDA:23,parseDefault
FNDA:7,parseExit
FNDA:2,parseCalculate
FNDA:6,(anonymous_17)
FNDA:10,check
DA:24,20
DA:25,20
DA:28,20
DA:31,19
DA:34,9
DA:36,2
DA:44,20
DA:51,20
DA:52,1
DA:63,19
DA:65,247
DA:66,235
DA:67,23
DA:70,212
DA:71,202
DA:83,212
DA:86,212
DA:88,212
DA:91,212
DA:102,212
DA:105,212
DA:107,212
DA:109,43
DA:110,40
DA:112,23
DA:113,22
DA:115,16
DA:116,15
DA:118,81
DA:119,79
DA:121,16
DA:122,15
DA:124,23
DA:125,22
DA:127,7
DA:128,7
DA:130,2
DA:131,2
DA:134,1
DA:150,43
DA:152,43
DA:153,1
DA:156,42
DA:157,2
DA:163,40
DA:165,40
DA:168,40
DA:169,15
DA:172,40
DA:184,23
DA:186,23
DA:188,23
DA:190,23
DA:192,43
DA:193,43
DA:194,24
DA:195,24
DA:196,24
DA:201,19
DA:202,2
DA:203,17
DA:205,6
DA:206,6
DA:211,6
DA:212,11
DA:213,1
DA:217,22
DA:227,16
DA:229,16
DA:230,1
DA:233,15
DA:238,15
DA:248,161
DA:249,81
DA:250,1
DA:252,80
DA:254,1
DA:256,79
DA:257,79
DA:258,64
DA:264,15
DA:282,16
DA:284,16
DA:285,1
DA:289,15
DA:294,15
DA:304,23
DA:306,23
DA:307,1
DA:312,22
DA:317,22
DA:328,7
DA:339,2
DA:341,6
DA:343,2
DA:345,2
DA:347,2
DA:360,10
DA:361,1
DA:365,8
DA:366,1
DA:371,7
DA:374,27
DA:377,27
DA:378,1
DA:379,26
DA:380,1
DA:384,25
DA:385,1
DA:388,24
DA:389,1
DA:392,23
DA:393,15
DA:394,79
DA:395,1
LF:115
LH:115
BRDA:51,0,0,1
BRDA:51,0,1,19
BRDA:66,1,0,23
BRDA:66,1,1,212
BRDA:66,2,0,235
BRDA:66,2,1,213
BRDA:83,3,0,212
BRDA:83,3,1,111
BRDA:107,4,0,43
BRDA:107,4,1,23
BRDA:107,4,2,16
BRDA:107,4,3,81
BRDA:107,4,4,16
BRDA:107,4,5,23
BRDA:107,4,6,7
BRDA:107,4,7,2
BRDA:107,4,8,1
BRDA:152,5,0,1
BRDA:152,5,1,42
BRDA:152,6,0,43
BRDA:152,6,1,43
BRDA:156,7,0,2
BRDA:156,7,1,40
BRDA:168,8,0,15
BRDA:168,8,1,25
BRDA:193,9,0,24
BRDA:193,9,1,19
BRDA:201,10,0,2
BRDA:201,10,1,17
BRDA:203,11,0,6
BRDA:203,11,1,11
BRDA:212,12,0,1
BRDA:212,12,1,10
BRDA:229,13,0,1
BRDA:229,13,1,15
BRDA:249,14,0,1
BRDA:249,14,1,80
BRDA:249,15,0,81
BRDA:249,15,1,81
BRDA:252,16,0,1
BRDA:252,16,1,79
BRDA:257,17,0,64
BRDA:257,17,1,15
BRDA:284,18,0,1
BRDA:284,18,1,15
BRDA:306,19,0,1
BRDA:306,19,1,22
BRDA:343,20,0,2
BRDA:343,20,1,2
BRDA:358,21,0,9
BRDA:360,22,0,1
BRDA:360,22,1,8
BRDA:365,23,0,1
BRDA:365,23,1,7
BRDA:377,24,0,1
BRDA:377,24,1,26
BRDA:377,25,0,27
BRDA:377,25,1,5
BRDA:377,25,2,3
BRDA:379,26,0,1
BRDA:379,26,1,25
BRDA:379,27,0,26
BRDA:379,27,1,22
BRDA:384,28,0,1
BRDA:384,28,1,24
BRDA:384,29,0,25
BRDA:384,29,1,15
BRDA:388,30,0,1
BRDA:388,30,1,23
BRDA:388,31,0,24
BRDA:388,31,1,15
BRDA:392,32,0,15
BRDA:392,32,1,8
BRDA:394,33,0,1
BRDA:394,33,1,78
BRF:75
BRH:75
end_of_record
TN:
SF:src/utils/translate.ts
FN:17,(anonymous_0)
FN:25,(anonymous_1)
FN:34,translate
FN:54,(anonymous_3)
FN:72,(anonymous_4)
FN:91,processEntry
FN:104,processSayInfo
FN:111,(anonymous_7)
FN:127,processSilence
FN:143,processCalculate
FN:146,(anonymous_10)
FNF:11
FNH:11
FNDA:1,(anonymous_0)
FNDA:1,(anonymous_1)
FNDA:21,translate
FNDA:33,(anonymous_3)
FNDA:20,(anonymous_4)
FNDA:4,processEntry
FNDA:4,processSayInfo
FNDA:5,(anonymous_7)
FNDA:5,processSilence
FNDA:2,processCalculate
FNDA:2,(anonymous_10)
DA:17,1
DA:25,1
DA:42,21
DA:43,4
DA:44,4
DA:45,17
DA:46,5
DA:47,12
DA:48,2
DA:51,10
DA:54,33
DA:57,10
DA:60,10
DA:62,2
DA:68,16
DA:69,16
DA:71,16
DA:72,15
DA:73,20
DA:74,15
DA:75,5
DA:76,4
DA:78,1
DA:82,15
DA:84,15
DA:93,4
DA:95,3
DA:97,3
DA:106,4
DA:109,4
DA:111,3
DA:113,5
DA:114,2
DA:117,3
DA:118,2
DA:121,1
DA:125,3
DA:129,5
DA:131,5
DA:133,3
DA:134,2
DA:136,1
DA:138,1
DA:144,2
DA:145,2
DA:146,2
DA:148,2
DA:150,2
DA:152,1
DA:155,1
LF:50
LH:50
BRDA:38,0,0,1
BRDA:39,1,0,1
BRDA:42,2,0,4
BRDA:42,2,1,17
BRDA:45,3,0,5
BRDA:45,3,1,12
BRDA:47,4,0,2
BRDA:47,4,1,10
BRDA:57,5,0,7
BRDA:57,5,1,3
BRDA:57,6,0,1
BRDA:57,6,1,2
BRDA:60,7,0,2
BRDA:60,7,1,8
BRDA:71,8,0,15
BRDA:71,8,1,1
BRDA:73,9,0,15
BRDA:73,9,1,5
BRDA:75,10,0,4
BRDA:75,10,1,1
BRDA:82,11,0,7
BRDA:82,11,1,8
BRDA:100,12,0,1
BRDA:100,12,1,2
BRDA:109,13,0,3
BRDA:109,13,1,1
BRDA:113,14,0,2
BRDA:113,14,1,3
BRDA:117,15,0,2
BRDA:117,15,1,1
BRDA:131,16,0,3
BRDA:131,16,1,2
BRDA:134,17,0,1
BRDA:134,17,1,1
BRF:34
BRH:34
end_of_record
